{"/home/travis/build/npmtest/node-npmtest-node-cryptojs-aes/test.js":{"path":"/home/travis/build/npmtest/node-npmtest-node-cryptojs-aes/test.js","s":{"1":2,"2":2,"3":2,"4":2,"5":2,"6":2,"7":2,"8":1,"9":2,"10":2,"11":1,"12":1,"13":1,"14":1,"15":2,"16":2,"17":2,"18":2,"19":1,"20":1,"21":2,"22":2,"23":2,"24":1,"25":1,"26":1,"27":1,"28":1,"29":1,"30":1,"31":1,"32":1,"33":1,"34":1,"35":1,"36":1,"37":1,"38":1,"39":2,"40":2,"41":1,"42":2,"43":2,"44":1,"45":2,"46":2,"47":1,"48":2,"49":2,"50":1,"51":1,"52":1,"53":1,"54":1},"b":{"1":[2,1,1,1],"2":[1,1,1,1],"3":[1,1],"4":[1,1],"5":[1,1],"6":[1,1],"7":[1,1],"8":[1,1],"9":[1,1],"10":[1,1,1],"11":[1,1],"12":[1,1],"13":[1,1],"14":[1,1],"15":[1,1],"16":[1,1],"17":[1,1]},"f":{"1":2,"2":2,"3":2,"4":2,"5":2,"6":1,"7":1,"8":1,"9":2,"10":2,"11":2,"12":2,"13":1},"fnMap":{"1":{"name":"(anonymous_1)","line":12,"loc":{"start":{"line":12,"column":1},"end":{"line":12,"column":13}}},"2":{"name":"(anonymous_2)","line":19,"loc":{"start":{"line":19,"column":5},"end":{"line":19,"column":17}}},"3":{"name":"(anonymous_3)","line":23,"loc":{"start":{"line":23,"column":24},"end":{"line":23,"column":36}}},"4":{"name":"(anonymous_4)","line":61,"loc":{"start":{"line":61,"column":5},"end":{"line":61,"column":17}}},"5":{"name":"(anonymous_5)","line":82,"loc":{"start":{"line":82,"column":5},"end":{"line":82,"column":17}}},"6":{"name":"(anonymous_6)","line":91,"loc":{"start":{"line":91,"column":77},"end":{"line":94,"column":10}}},"7":{"name":"(anonymous_7)","line":112,"loc":{"start":{"line":112,"column":83},"end":{"line":115,"column":10}},"skip":true},"8":{"name":"(anonymous_8)","line":123,"loc":{"start":{"line":123,"column":77},"end":{"line":126,"column":10}},"skip":true},"9":{"name":"(anonymous_9)","line":139,"loc":{"start":{"line":139,"column":12},"end":{"line":139,"column":40}},"skip":true},"10":{"name":"(anonymous_10)","line":147,"loc":{"start":{"line":147,"column":77},"end":{"line":150,"column":10}},"skip":true},"11":{"name":"(anonymous_11)","line":158,"loc":{"start":{"line":158,"column":83},"end":{"line":161,"column":10}},"skip":true},"12":{"name":"(anonymous_12)","line":169,"loc":{"start":{"line":169,"column":79},"end":{"line":172,"column":10}},"skip":true},"13":{"name":"(anonymous_13)","line":180,"loc":{"start":{"line":180,"column":75},"end":{"line":183,"column":10}},"skip":true}},"statementMap":{"1":{"start":{"line":12,"column":0},"end":{"line":195,"column":5}},"2":{"start":{"line":14,"column":4},"end":{"line":14,"column":14}},"3":{"start":{"line":19,"column":4},"end":{"line":56,"column":9}},"4":{"start":{"line":21,"column":8},"end":{"line":21,"column":19}},"5":{"start":{"line":23,"column":8},"end":{"line":35,"column":13}},"6":{"start":{"line":24,"column":12},"end":{"line":34,"column":13}},"7":{"start":{"line":25,"column":16},"end":{"line":28,"column":30}},"8":{"start":{"line":30,"column":16},"end":{"line":33,"column":27}},"9":{"start":{"line":37,"column":8},"end":{"line":39,"column":21}},"10":{"start":{"line":40,"column":8},"end":{"line":53,"column":9}},"11":{"start":{"line":43,"column":12},"end":{"line":46,"column":14}},"12":{"start":{"line":47,"column":12},"end":{"line":47,"column":18}},"13":{"start":{"line":50,"column":12},"end":{"line":51,"column":46}},"14":{"start":{"line":52,"column":12},"end":{"line":52,"column":18}},"15":{"start":{"line":55,"column":8},"end":{"line":55,"column":35}},"16":{"start":{"line":61,"column":4},"end":{"line":63,"column":9}},"17":{"start":{"line":62,"column":8},"end":{"line":62,"column":15}},"18":{"start":{"line":64,"column":4},"end":{"line":77,"column":5}},"19":{"start":{"line":70,"column":8},"end":{"line":70,"column":14}},"20":{"start":{"line":76,"column":8},"end":{"line":76,"column":14}},"21":{"start":{"line":82,"column":4},"end":{"line":84,"column":9}},"22":{"start":{"line":83,"column":8},"end":{"line":83,"column":15}},"23":{"start":{"line":85,"column":4},"end":{"line":194,"column":5}},"24":{"start":{"line":91,"column":8},"end":{"line":99,"column":10}},"25":{"start":{"line":98,"column":12},"end":{"line":98,"column":35}},"26":{"start":{"line":102,"column":8},"end":{"line":104,"column":63}},"27":{"start":{"line":105,"column":8},"end":{"line":105,"column":14}},"28":{"start":{"line":112,"column":8},"end":{"line":121,"column":10},"skip":true},"29":{"start":{"line":119,"column":12},"end":{"line":119,"column":55},"skip":true},"30":{"start":{"line":120,"column":12},"end":{"line":120,"column":48},"skip":true},"31":{"start":{"line":123,"column":8},"end":{"line":136,"column":10},"skip":true},"32":{"start":{"line":130,"column":12},"end":{"line":130,"column":76},"skip":true},"33":{"start":{"line":131,"column":12},"end":{"line":131,"column":73},"skip":true},"34":{"start":{"line":132,"column":12},"end":{"line":132,"column":74},"skip":true},"35":{"start":{"line":133,"column":12},"end":{"line":133,"column":79},"skip":true},"36":{"start":{"line":134,"column":12},"end":{"line":134,"column":25},"skip":true},"37":{"start":{"line":135,"column":12},"end":{"line":135,"column":45},"skip":true},"38":{"start":{"line":138,"column":8},"end":{"line":145,"column":14},"skip":true},"39":{"start":{"line":143,"column":16},"end":{"line":143,"column":29},"skip":true},"40":{"start":{"line":144,"column":16},"end":{"line":144,"column":55},"skip":true},"41":{"start":{"line":147,"column":8},"end":{"line":156,"column":10},"skip":true},"42":{"start":{"line":154,"column":12},"end":{"line":154,"column":25},"skip":true},"43":{"start":{"line":155,"column":12},"end":{"line":155,"column":45},"skip":true},"44":{"start":{"line":158,"column":8},"end":{"line":167,"column":10},"skip":true},"45":{"start":{"line":165,"column":12},"end":{"line":165,"column":25},"skip":true},"46":{"start":{"line":166,"column":12},"end":{"line":166,"column":48},"skip":true},"47":{"start":{"line":169,"column":8},"end":{"line":178,"column":10},"skip":true},"48":{"start":{"line":176,"column":12},"end":{"line":176,"column":25},"skip":true},"49":{"start":{"line":177,"column":12},"end":{"line":177,"column":46},"skip":true},"50":{"start":{"line":180,"column":8},"end":{"line":189,"column":10},"skip":true},"51":{"start":{"line":187,"column":12},"end":{"line":187,"column":94},"skip":true},"52":{"start":{"line":188,"column":12},"end":{"line":188,"column":48},"skip":true},"53":{"start":{"line":192,"column":8},"end":{"line":192,"column":35},"skip":true},"54":{"start":{"line":193,"column":8},"end":{"line":193,"column":14},"skip":true}},"branchMap":{"1":{"line":25,"type":"binary-expr","locations":[{"start":{"line":25,"column":23},"end":{"line":25,"column":62}},{"start":{"line":26,"column":20},"end":{"line":26,"column":70}},{"start":{"line":27,"column":20},"end":{"line":27,"column":71}},{"start":{"line":28,"column":20},"end":{"line":28,"column":29}}]},"2":{"line":30,"type":"binary-expr","locations":[{"start":{"line":30,"column":23},"end":{"line":30,"column":37}},{"start":{"line":31,"column":20},"end":{"line":31,"column":61}},{"start":{"line":32,"column":20},"end":{"line":32,"column":70}},{"start":{"line":33,"column":20},"end":{"line":33,"column":26}}]},"3":{"line":37,"type":"cond-expr","locations":[{"start":{"line":38,"column":14},"end":{"line":38,"column":20}},{"start":{"line":39,"column":14},"end":{"line":39,"column":20}}]},"4":{"line":40,"type":"switch","locations":[{"start":{"line":42,"column":8},"end":{"line":47,"column":18}},{"start":{"line":49,"column":8},"end":{"line":52,"column":18}}]},"5":{"line":44,"type":"binary-expr","locations":[{"start":{"line":44,"column":16},"end":{"line":44,"column":44}},{"start":{"line":44,"column":48},"end":{"line":44,"column":66}}]},"6":{"line":50,"type":"binary-expr","locations":[{"start":{"line":50,"column":21},"end":{"line":50,"column":49}},{"start":{"line":50,"column":53},"end":{"line":50,"column":72}}]},"7":{"line":64,"type":"switch","locations":[{"start":{"line":69,"column":4},"end":{"line":70,"column":14}},{"start":{"line":75,"column":4},"end":{"line":76,"column":14}}]},"8":{"line":85,"type":"switch","locations":[{"start":{"line":90,"column":4},"end":{"line":105,"column":14}},{"start":{"line":111,"column":4},"end":{"line":193,"column":14},"skip":true}]},"9":{"line":91,"type":"binary-expr","locations":[{"start":{"line":91,"column":42},"end":{"line":91,"column":73}},{"start":{"line":91,"column":77},"end":{"line":99,"column":9}}]},"10":{"line":102,"type":"binary-expr","locations":[{"start":{"line":102,"column":18},"end":{"line":102,"column":32}},{"start":{"line":103,"column":12},"end":{"line":103,"column":53}},{"start":{"line":104,"column":12},"end":{"line":104,"column":61}}]},"11":{"line":112,"type":"binary-expr","locations":[{"start":{"line":112,"column":45},"end":{"line":112,"column":79},"skip":true},{"start":{"line":112,"column":83},"end":{"line":121,"column":9},"skip":true}]},"12":{"line":123,"type":"binary-expr","locations":[{"start":{"line":123,"column":42},"end":{"line":123,"column":73},"skip":true},{"start":{"line":123,"column":77},"end":{"line":136,"column":9},"skip":true}]},"13":{"line":138,"type":"binary-expr","locations":[{"start":{"line":138,"column":48},"end":{"line":138,"column":85},"skip":true},{"start":{"line":139,"column":12},"end":{"line":145,"column":13},"skip":true}]},"14":{"line":147,"type":"binary-expr","locations":[{"start":{"line":147,"column":42},"end":{"line":147,"column":73},"skip":true},{"start":{"line":147,"column":77},"end":{"line":156,"column":9},"skip":true}]},"15":{"line":158,"type":"binary-expr","locations":[{"start":{"line":158,"column":45},"end":{"line":158,"column":79},"skip":true},{"start":{"line":158,"column":83},"end":{"line":167,"column":9},"skip":true}]},"16":{"line":169,"type":"binary-expr","locations":[{"start":{"line":169,"column":43},"end":{"line":169,"column":75},"skip":true},{"start":{"line":169,"column":79},"end":{"line":178,"column":9},"skip":true}]},"17":{"line":180,"type":"binary-expr","locations":[{"start":{"line":180,"column":41},"end":{"line":180,"column":71},"skip":true},{"start":{"line":180,"column":75},"end":{"line":189,"column":9},"skip":true}]}},"code":["/* istanbul instrument in package npmtest_node_cryptojs_aes */","/*jslint","    bitwise: true,","    browser: true,","    maxerr: 8,","    maxlen: 96,","    node: true,","    nomen: true,","    regexp: true,","    stupid: true","*/","(function () {","    'use strict';","    var local;","","","","    // run shared js-env code - pre-init","    (function () {","        // init local","        local = {};","        // init modeJs","        local.modeJs = (function () {","            try {","                return typeof navigator.userAgent === 'string' &&","                    typeof document.querySelector('body') === 'object' &&","                    typeof XMLHttpRequest.prototype.open === 'function' &&","                    'browser';","            } catch (errorCaughtBrowser) {","                return module.exports &&","                    typeof process.versions.node === 'string' &&","                    typeof require('http').createServer === 'function' &&","                    'node';","            }","        }());","        // init global","        local.global = local.modeJs === 'browser'","            ? window","            : global;","        switch (local.modeJs) {","        // re-init local from window.local","        case 'browser':","            local = local.global.utility2.objectSetDefault(","                local.global.utility2_rollup || local.global.local,","                local.global.utility2","            );","            break;","        // re-init local from example.js","        case 'node':","            local = (local.global.utility2_rollup || require('utility2'))","                .requireExampleJsFromReadme();","            break;","        }","        // export local","        local.global.local = local;","    }());","","","","    // run shared js-env code - function","    (function () {","        return;","    }());","    switch (local.modeJs) {","","","","    // run browser js-env code - function","    case 'browser':","        break;","","","","    // run node js-env code - function","    case 'node':","        break;","    }","","","","    // run shared js-env code - post-init","    (function () {","        return;","    }());","    switch (local.modeJs) {","","","","    // run browser js-env code - post-init","    case 'browser':","        local.testCase_browser_nullCase = local.testCase_browser_nullCase || function (","            options,","            onError","        ) {","        /*","         * this function will test browsers's null-case handling-behavior-behavior","         */","            onError(null, options);","        };","","        // run tests","        local.nop(local.modeTest &&","            document.querySelector('#testRunButton1') &&","            document.querySelector('#testRunButton1').click());","        break;","","","","    // run node js-env code - post-init","    /* istanbul ignore next */","    case 'node':","        local.testCase_buildApidoc_default = local.testCase_buildApidoc_default || function (","            options,","            onError","        ) {","        /*","         * this function will test buildApidoc's default handling-behavior-behavior","         */","            options = { modulePathList: module.paths };","            local.buildApidoc(options, onError);","        };","","        local.testCase_buildApp_default = local.testCase_buildApp_default || function (","            options,","            onError","        ) {","        /*","         * this function will test buildApp's default handling-behavior-behavior","         */","            local.testCase_buildReadme_default(options, local.onErrorThrow);","            local.testCase_buildLib_default(options, local.onErrorThrow);","            local.testCase_buildTest_default(options, local.onErrorThrow);","            local.testCase_buildCustomOrg_default(options, local.onErrorThrow);","            options = [];","            local.buildApp(options, onError);","        };","","        local.testCase_buildCustomOrg_default = local.testCase_buildCustomOrg_default ||","            function (options, onError) {","            /*","             * this function will test buildCustomOrg's default handling-behavior","             */","                options = {};","                local.buildCustomOrg(options, onError);","            };","","        local.testCase_buildLib_default = local.testCase_buildLib_default || function (","            options,","            onError","        ) {","        /*","         * this function will test buildLib's default handling-behavior","         */","            options = {};","            local.buildLib(options, onError);","        };","","        local.testCase_buildReadme_default = local.testCase_buildReadme_default || function (","            options,","            onError","        ) {","        /*","         * this function will test buildReadme's default handling-behavior-behavior","         */","            options = {};","            local.buildReadme(options, onError);","        };","","        local.testCase_buildTest_default = local.testCase_buildTest_default || function (","            options,","            onError","        ) {","        /*","         * this function will test buildTest's default handling-behavior","         */","            options = {};","            local.buildTest(options, onError);","        };","","        local.testCase_webpage_default = local.testCase_webpage_default || function (","            options,","            onError","        ) {","        /*","         * this function will test webpage's default handling-behavior","         */","            options = { modeCoverageMerge: true, url: local.serverLocalHost + '?modeTest=1' };","            local.browserTest(options, onError);","        };","","        // run test-server","        local.testRunServer(local);","        break;","    }","}());",""],"l":{"12":2,"14":2,"19":2,"21":2,"23":2,"24":2,"25":2,"30":1,"37":2,"40":2,"43":1,"47":1,"50":1,"52":1,"55":2,"61":2,"62":2,"64":2,"70":1,"76":1,"82":2,"83":2,"85":2,"91":1,"98":1,"102":1,"105":1,"112":1,"119":1,"120":1,"123":1,"130":1,"131":1,"132":1,"133":1,"134":1,"135":1,"138":1,"143":2,"144":2,"147":1,"154":2,"155":2,"158":1,"165":2,"166":2,"169":1,"176":2,"177":2,"180":1,"187":1,"188":1,"192":1,"193":1}},"/home/travis/build/npmtest/node-npmtest-node-cryptojs-aes/lib.npmtest_node_cryptojs_aes.js":{"path":"/home/travis/build/npmtest/node-npmtest-node-cryptojs-aes/lib.npmtest_node_cryptojs_aes.js","s":{"1":2,"2":2,"3":2,"4":2,"5":2,"6":2,"7":2,"8":1,"9":2,"10":2,"11":2,"12":2,"13":1,"14":1,"15":1,"16":1},"b":{"1":[2,1,1,1],"2":[1,1,1,1],"3":[1,1],"4":[2,2],"5":[1,1]},"f":{"1":2,"2":2,"3":2},"fnMap":{"1":{"name":"(anonymous_1)","line":12,"loc":{"start":{"line":12,"column":1},"end":{"line":12,"column":13}}},"2":{"name":"(anonymous_2)","line":19,"loc":{"start":{"line":19,"column":5},"end":{"line":19,"column":17}}},"3":{"name":"(anonymous_3)","line":23,"loc":{"start":{"line":23,"column":24},"end":{"line":23,"column":36}}}},"statementMap":{"1":{"start":{"line":12,"column":0},"end":{"line":53,"column":5}},"2":{"start":{"line":14,"column":4},"end":{"line":14,"column":14}},"3":{"start":{"line":19,"column":4},"end":{"line":52,"column":9}},"4":{"start":{"line":21,"column":8},"end":{"line":21,"column":19}},"5":{"start":{"line":23,"column":8},"end":{"line":35,"column":13}},"6":{"start":{"line":24,"column":12},"end":{"line":34,"column":13}},"7":{"start":{"line":25,"column":16},"end":{"line":28,"column":30}},"8":{"start":{"line":30,"column":16},"end":{"line":33,"column":27}},"9":{"start":{"line":37,"column":8},"end":{"line":39,"column":21}},"10":{"start":{"line":41,"column":8},"end":{"line":41,"column":54}},"11":{"start":{"line":43,"column":8},"end":{"line":43,"column":62}},"12":{"start":{"line":45,"column":8},"end":{"line":51,"column":9}},"13":{"start":{"line":46,"column":12},"end":{"line":46,"column":68}},"14":{"start":{"line":48,"column":12},"end":{"line":48,"column":35}},"15":{"start":{"line":49,"column":12},"end":{"line":49,"column":49}},"16":{"start":{"line":50,"column":12},"end":{"line":50,"column":43}}},"branchMap":{"1":{"line":25,"type":"binary-expr","locations":[{"start":{"line":25,"column":23},"end":{"line":25,"column":62}},{"start":{"line":26,"column":20},"end":{"line":26,"column":70}},{"start":{"line":27,"column":20},"end":{"line":27,"column":71}},{"start":{"line":28,"column":20},"end":{"line":28,"column":29}}]},"2":{"line":30,"type":"binary-expr","locations":[{"start":{"line":30,"column":23},"end":{"line":30,"column":37}},{"start":{"line":31,"column":20},"end":{"line":31,"column":61}},{"start":{"line":32,"column":20},"end":{"line":32,"column":70}},{"start":{"line":33,"column":20},"end":{"line":33,"column":26}}]},"3":{"line":37,"type":"cond-expr","locations":[{"start":{"line":38,"column":14},"end":{"line":38,"column":20}},{"start":{"line":39,"column":14},"end":{"line":39,"column":20}}]},"4":{"line":41,"type":"binary-expr","locations":[{"start":{"line":41,"column":16},"end":{"line":41,"column":44}},{"start":{"line":41,"column":48},"end":{"line":41,"column":53}}]},"5":{"line":45,"type":"if","locations":[{"start":{"line":45,"column":8},"end":{"line":45,"column":8}},{"start":{"line":45,"column":8},"end":{"line":45,"column":8}}]}},"code":["/* istanbul instrument in package npmtest_node_cryptojs_aes */","/*jslint","    bitwise: true,","    browser: true,","    maxerr: 8,","    maxlen: 96,","    node: true,","    nomen: true,","    regexp: true,","    stupid: true","*/","(function () {","    'use strict';","    var local;","","","","    // run shared js-env code - pre-init","    (function () {","        // init local","        local = {};","        // init modeJs","        local.modeJs = (function () {","            try {","                return typeof navigator.userAgent === 'string' &&","                    typeof document.querySelector('body') === 'object' &&","                    typeof XMLHttpRequest.prototype.open === 'function' &&","                    'browser';","            } catch (errorCaughtBrowser) {","                return module.exports &&","                    typeof process.versions.node === 'string' &&","                    typeof require('http').createServer === 'function' &&","                    'node';","            }","        }());","        // init global","        local.global = local.modeJs === 'browser'","            ? window","            : global;","        // init utility2_rollup","        local = local.global.utility2_rollup || local;","        // init lib","        local.local = local.npmtest_node_cryptojs_aes = local;","        // init exports","        if (local.modeJs === 'browser') {","            local.global.utility2_npmtest_node_cryptojs_aes = local;","        } else {","            module.exports = local;","            module.exports.__dirname = __dirname;","            module.exports.module = module;","        }","    }());","}());",""],"l":{"12":2,"14":2,"19":2,"21":2,"23":2,"24":2,"25":2,"30":1,"37":2,"41":2,"43":2,"45":2,"46":1,"48":1,"49":1,"50":1}},"/home/travis/build/npmtest/node-npmtest-node-cryptojs-aes/example.js":{"path":"/home/travis/build/npmtest/node-npmtest-node-cryptojs-aes/example.js","s":{"1":2,"2":2,"3":2,"4":2,"5":2,"6":2,"7":2,"8":1,"9":2,"10":2,"11":2,"12":2,"13":1,"14":2,"15":2,"16":2,"17":2,"18":2,"19":0,"20":2,"21":1,"22":1,"23":1,"24":1,"25":1,"26":0,"27":0,"28":1,"29":1,"30":2,"31":0,"32":0,"33":0,"34":1,"35":2,"36":2,"37":3,"38":3,"39":3,"40":3,"41":0,"42":3,"43":3,"44":3,"45":1,"46":3,"47":1,"48":1,"49":1,"50":1,"51":1,"52":1,"53":1,"54":1,"55":1,"56":1,"57":0,"58":1,"59":6,"60":6,"61":1,"62":2,"63":0,"64":2,"65":1,"66":1,"67":0,"68":0,"69":0,"70":0,"71":0,"72":0,"73":0,"74":0,"75":0,"76":0,"77":0,"78":0,"79":0,"80":0,"81":0,"82":0,"83":0},"b":{"1":[2,1,1,1],"2":[1,1,1,1],"3":[1,1],"4":[2,2],"5":[1,1],"6":[1,1],"7":[2,0],"8":[2,1,1,1,1,1],"9":[0,2,0],"10":[1,1],"11":[2,1,1],"12":[1,0],"13":[0,2],"14":[2,0,0,0,0,0,0],"15":[0,3],"16":[3,0],"17":[1,1],"18":[0,1],"19":[1,2,0,2],"20":[1,0],"21":[1,1],"22":[0,0],"23":[0,0],"24":[0,0],"25":[0,0],"26":[0,0],"27":[0,0],"28":[0,0]},"f":{"1":2,"2":2,"3":2,"4":2,"5":2,"6":2,"7":3,"8":3,"9":3,"10":1,"11":6,"12":0},"fnMap":{"1":{"name":"(anonymous_1)","line":26,"loc":{"start":{"line":26,"column":1},"end":{"line":26,"column":13}}},"2":{"name":"(anonymous_2)","line":33,"loc":{"start":{"line":33,"column":5},"end":{"line":33,"column":17}}},"3":{"name":"(anonymous_3)","line":37,"loc":{"start":{"line":37,"column":24},"end":{"line":37,"column":36}}},"4":{"name":"(anonymous_4)","line":69,"loc":{"start":{"line":69,"column":31},"end":{"line":69,"column":48}},"skip":true},"5":{"name":"(anonymous_5)","line":78,"loc":{"start":{"line":78,"column":26},"end":{"line":78,"column":45}},"skip":true},"6":{"name":"(anonymous_6)","line":123,"loc":{"start":{"line":123,"column":33},"end":{"line":123,"column":48}},"skip":true},"7":{"name":"(anonymous_7)","line":125,"loc":{"start":{"line":125,"column":27},"end":{"line":125,"column":39}},"skip":true},"8":{"name":"(anonymous_8)","line":133,"loc":{"start":{"line":133,"column":59},"end":{"line":133,"column":74}},"skip":true},"9":{"name":"(anonymous_9)","line":143,"loc":{"start":{"line":143,"column":45},"end":{"line":143,"column":62}},"skip":true},"10":{"name":"(anonymous_10)","line":144,"loc":{"start":{"line":144,"column":73},"end":{"line":144,"column":92}},"skip":true},"11":{"name":"(anonymous_11)","line":272,"loc":{"start":{"line":272,"column":51},"end":{"line":272,"column":77}},"skip":true},"12":{"name":"(anonymous_12)","line":315,"loc":{"start":{"line":315,"column":32},"end":{"line":315,"column":61}},"skip":true}},"statementMap":{"1":{"start":{"line":26,"column":0},"end":{"line":326,"column":5}},"2":{"start":{"line":28,"column":4},"end":{"line":28,"column":14}},"3":{"start":{"line":33,"column":4},"end":{"line":60,"column":9}},"4":{"start":{"line":35,"column":8},"end":{"line":35,"column":19}},"5":{"start":{"line":37,"column":8},"end":{"line":49,"column":13}},"6":{"start":{"line":38,"column":12},"end":{"line":48,"column":13}},"7":{"start":{"line":39,"column":16},"end":{"line":42,"column":30}},"8":{"start":{"line":44,"column":16},"end":{"line":47,"column":27}},"9":{"start":{"line":51,"column":8},"end":{"line":53,"column":21}},"10":{"start":{"line":55,"column":8},"end":{"line":57,"column":45}},"11":{"start":{"line":59,"column":8},"end":{"line":59,"column":35}},"12":{"start":{"line":61,"column":4},"end":{"line":325,"column":5}},"13":{"start":{"line":69,"column":8},"end":{"line":121,"column":10},"skip":true},"14":{"start":{"line":70,"column":12},"end":{"line":88,"column":13},"skip":true},"15":{"start":{"line":76,"column":16},"end":{"line":87,"column":19},"skip":true},"16":{"start":{"line":79,"column":20},"end":{"line":86,"column":21},"skip":true},"17":{"start":{"line":82,"column":24},"end":{"line":82,"column":43},"skip":true},"18":{"start":{"line":83,"column":24},"end":{"line":83,"column":30},"skip":true},"19":{"start":{"line":85,"column":24},"end":{"line":85,"column":49},"skip":true},"20":{"start":{"line":89,"column":12},"end":{"line":107,"column":13},"skip":true},"21":{"start":{"line":92,"column":16},"end":{"line":102,"column":17},"skip":true},"22":{"start":{"line":93,"column":20},"end":{"line":93,"column":86},"skip":true},"23":{"start":{"line":94,"column":20},"end":{"line":95,"column":45},"skip":true},"24":{"start":{"line":96,"column":20},"end":{"line":96,"column":42},"skip":true},"25":{"start":{"line":97,"column":20},"end":{"line":97,"column":48},"skip":true},"26":{"start":{"line":100,"column":20},"end":{"line":100,"column":85},"skip":true},"27":{"start":{"line":101,"column":20},"end":{"line":101,"column":96},"skip":true},"28":{"start":{"line":103,"column":16},"end":{"line":103,"column":22},"skip":true},"29":{"start":{"line":106,"column":16},"end":{"line":106,"column":22},"skip":true},"30":{"start":{"line":108,"column":12},"end":{"line":120,"column":13},"skip":true},"31":{"start":{"line":114,"column":16},"end":{"line":119,"column":17},"skip":true},"32":{"start":{"line":116,"column":20},"end":{"line":116,"column":78},"skip":true},"33":{"start":{"line":118,"column":20},"end":{"line":118,"column":47},"skip":true},"34":{"start":{"line":123,"column":8},"end":{"line":141,"column":11},"skip":true},"35":{"start":{"line":124,"column":12},"end":{"line":124,"column":54},"skip":true},"36":{"start":{"line":125,"column":12},"end":{"line":140,"column":14},"skip":true},"37":{"start":{"line":126,"column":16},"end":{"line":126,"column":28},"skip":true},"38":{"start":{"line":127,"column":16},"end":{"line":127,"column":69},"skip":true},"39":{"start":{"line":128,"column":16},"end":{"line":128,"column":75},"skip":true},"40":{"start":{"line":129,"column":16},"end":{"line":131,"column":17},"skip":true},"41":{"start":{"line":130,"column":20},"end":{"line":130,"column":27},"skip":true},"42":{"start":{"line":133,"column":16},"end":{"line":137,"column":36},"skip":true},"43":{"start":{"line":134,"column":20},"end":{"line":136,"column":55},"skip":true},"44":{"start":{"line":139,"column":16},"end":{"line":139,"column":57},"skip":true},"45":{"start":{"line":143,"column":8},"end":{"line":147,"column":11},"skip":true},"46":{"start":{"line":144,"column":12},"end":{"line":146,"column":15},"skip":true},"47":{"start":{"line":145,"column":16},"end":{"line":145,"column":70},"skip":true},"48":{"start":{"line":149,"column":8},"end":{"line":149,"column":31},"skip":true},"49":{"start":{"line":150,"column":8},"end":{"line":150,"column":14},"skip":true},"50":{"start":{"line":158,"column":8},"end":{"line":158,"column":31},"skip":true},"51":{"start":{"line":160,"column":8},"end":{"line":160,"column":33},"skip":true},"52":{"start":{"line":161,"column":8},"end":{"line":161,"column":37},"skip":true},"53":{"start":{"line":162,"column":8},"end":{"line":162,"column":35},"skip":true},"54":{"start":{"line":164,"column":8},"end":{"line":164,"column":50},"skip":true},"55":{"start":{"line":166,"column":8},"end":{"line":256,"column":2},"skip":true},"56":{"start":{"line":258,"column":8},"end":{"line":286,"column":9},"skip":true},"57":{"start":{"line":259,"column":12},"end":{"line":269,"column":14},"skip":true},"58":{"start":{"line":271,"column":12},"end":{"line":285,"column":19},"skip":true},"59":{"start":{"line":274,"column":20},"end":{"line":274,"column":35},"skip":true},"60":{"start":{"line":275,"column":20},"end":{"line":284,"column":21},"skip":true},"61":{"start":{"line":277,"column":24},"end":{"line":277,"column":64},"skip":true},"62":{"start":{"line":279,"column":24},"end":{"line":279,"column":40},"skip":true},"63":{"start":{"line":281,"column":24},"end":{"line":281,"column":40},"skip":true},"64":{"start":{"line":283,"column":24},"end":{"line":283,"column":39},"skip":true},"65":{"start":{"line":288,"column":8},"end":{"line":290,"column":9},"skip":true},"66":{"start":{"line":289,"column":12},"end":{"line":289,"column":18},"skip":true},"67":{"start":{"line":291,"column":8},"end":{"line":293,"column":54},"skip":true},"68":{"start":{"line":296,"column":8},"end":{"line":301,"column":37},"skip":true},"69":{"start":{"line":303,"column":8},"end":{"line":303,"column":82},"skip":true},"70":{"start":{"line":306,"column":8},"end":{"line":308,"column":9},"skip":true},"71":{"start":{"line":307,"column":12},"end":{"line":307,"column":82},"skip":true},"72":{"start":{"line":310,"column":8},"end":{"line":312,"column":9},"skip":true},"73":{"start":{"line":311,"column":12},"end":{"line":311,"column":18},"skip":true},"74":{"start":{"line":313,"column":8},"end":{"line":313,"column":54},"skip":true},"75":{"start":{"line":314,"column":8},"end":{"line":314,"column":69},"skip":true},"76":{"start":{"line":315,"column":8},"end":{"line":323,"column":36},"skip":true},"77":{"start":{"line":316,"column":12},"end":{"line":316,"column":61},"skip":true},"78":{"start":{"line":317,"column":12},"end":{"line":320,"column":13},"skip":true},"79":{"start":{"line":318,"column":16},"end":{"line":318,"column":75},"skip":true},"80":{"start":{"line":319,"column":16},"end":{"line":319,"column":23},"skip":true},"81":{"start":{"line":321,"column":12},"end":{"line":321,"column":38},"skip":true},"82":{"start":{"line":322,"column":12},"end":{"line":322,"column":27},"skip":true},"83":{"start":{"line":324,"column":8},"end":{"line":324,"column":14},"skip":true}},"branchMap":{"1":{"line":39,"type":"binary-expr","locations":[{"start":{"line":39,"column":23},"end":{"line":39,"column":62}},{"start":{"line":40,"column":20},"end":{"line":40,"column":70}},{"start":{"line":41,"column":20},"end":{"line":41,"column":71}},{"start":{"line":42,"column":20},"end":{"line":42,"column":29}}]},"2":{"line":44,"type":"binary-expr","locations":[{"start":{"line":44,"column":23},"end":{"line":44,"column":37}},{"start":{"line":45,"column":20},"end":{"line":45,"column":61}},{"start":{"line":46,"column":20},"end":{"line":46,"column":70}},{"start":{"line":47,"column":20},"end":{"line":47,"column":26}}]},"3":{"line":51,"type":"cond-expr","locations":[{"start":{"line":52,"column":14},"end":{"line":52,"column":20}},{"start":{"line":53,"column":14},"end":{"line":53,"column":20}}]},"4":{"line":55,"type":"binary-expr","locations":[{"start":{"line":55,"column":16},"end":{"line":55,"column":44}},{"start":{"line":55,"column":49},"end":{"line":57,"column":43}}]},"5":{"line":55,"type":"cond-expr","locations":[{"start":{"line":56,"column":14},"end":{"line":56,"column":61}},{"start":{"line":57,"column":14},"end":{"line":57,"column":43}}]},"6":{"line":61,"type":"switch","locations":[{"start":{"line":68,"column":4},"end":{"line":150,"column":14},"skip":true},{"start":{"line":156,"column":4},"end":{"line":324,"column":14},"skip":true}]},"7":{"line":70,"type":"if","locations":[{"start":{"line":70,"column":12},"end":{"line":70,"column":12},"skip":true},{"start":{"line":70,"column":12},"end":{"line":70,"column":12},"skip":true}]},"8":{"line":70,"type":"binary-expr","locations":[{"start":{"line":70,"column":16},"end":{"line":70,"column":22},"skip":true},{"start":{"line":70,"column":27},"end":{"line":70,"column":32},"skip":true},{"start":{"line":71,"column":20},"end":{"line":71,"column":39},"skip":true},{"start":{"line":72,"column":20},"end":{"line":72,"column":49},"skip":true},{"start":{"line":73,"column":20},"end":{"line":73,"column":58},"skip":true},{"start":{"line":74,"column":20},"end":{"line":74,"column":69},"skip":true}]},"9":{"line":79,"type":"switch","locations":[{"start":{"line":80,"column":20},"end":{"line":80,"column":33},"skip":true},{"start":{"line":81,"column":20},"end":{"line":83,"column":30},"skip":true},{"start":{"line":84,"column":20},"end":{"line":85,"column":49},"skip":true}]},"10":{"line":89,"type":"switch","locations":[{"start":{"line":90,"column":12},"end":{"line":103,"column":22},"skip":true},{"start":{"line":105,"column":12},"end":{"line":106,"column":22},"skip":true}]},"11":{"line":89,"type":"binary-expr","locations":[{"start":{"line":89,"column":20},"end":{"line":89,"column":25},"skip":true},{"start":{"line":89,"column":29},"end":{"line":89,"column":48},"skip":true},{"start":{"line":89,"column":52},"end":{"line":89,"column":74},"skip":true}]},"12":{"line":92,"type":"if","locations":[{"start":{"line":92,"column":16},"end":{"line":92,"column":16},"skip":true},{"start":{"line":92,"column":16},"end":{"line":92,"column":16},"skip":true}]},"13":{"line":108,"type":"if","locations":[{"start":{"line":108,"column":12},"end":{"line":108,"column":12},"skip":true},{"start":{"line":108,"column":12},"end":{"line":108,"column":12},"skip":true}]},"14":{"line":108,"type":"binary-expr","locations":[{"start":{"line":108,"column":16},"end":{"line":108,"column":61},"skip":true},{"start":{"line":108,"column":66},"end":{"line":108,"column":72},"skip":true},{"start":{"line":108,"column":77},"end":{"line":108,"column":82},"skip":true},{"start":{"line":109,"column":20},"end":{"line":109,"column":39},"skip":true},{"start":{"line":110,"column":20},"end":{"line":110,"column":49},"skip":true},{"start":{"line":111,"column":20},"end":{"line":111,"column":58},"skip":true},{"start":{"line":112,"column":20},"end":{"line":112,"column":68},"skip":true}]},"15":{"line":129,"type":"if","locations":[{"start":{"line":129,"column":16},"end":{"line":129,"column":16},"skip":true},{"start":{"line":129,"column":16},"end":{"line":129,"column":16},"skip":true}]},"16":{"line":134,"type":"cond-expr","locations":[{"start":{"line":135,"column":26},"end":{"line":135,"column":29},"skip":true},{"start":{"line":136,"column":26},"end":{"line":136,"column":54},"skip":true}]},"17":{"line":164,"type":"binary-expr","locations":[{"start":{"line":164,"column":27},"end":{"line":164,"column":43},"skip":true},{"start":{"line":164,"column":47},"end":{"line":164,"column":49},"skip":true}]},"18":{"line":258,"type":"if","locations":[{"start":{"line":258,"column":8},"end":{"line":258,"column":8},"skip":true},{"start":{"line":258,"column":8},"end":{"line":258,"column":8},"skip":true}]},"19":{"line":275,"type":"switch","locations":[{"start":{"line":276,"column":20},"end":{"line":277,"column":64},"skip":true},{"start":{"line":278,"column":20},"end":{"line":279,"column":40},"skip":true},{"start":{"line":280,"column":20},"end":{"line":281,"column":40},"skip":true},{"start":{"line":282,"column":20},"end":{"line":283,"column":39},"skip":true}]},"20":{"line":288,"type":"if","locations":[{"start":{"line":288,"column":8},"end":{"line":288,"column":8},"skip":true},{"start":{"line":288,"column":8},"end":{"line":288,"column":8},"skip":true}]},"21":{"line":288,"type":"binary-expr","locations":[{"start":{"line":288,"column":12},"end":{"line":288,"column":40},"skip":true},{"start":{"line":288,"column":44},"end":{"line":288,"column":67},"skip":true}]},"22":{"line":292,"type":"binary-expr","locations":[{"start":{"line":292,"column":12},"end":{"line":292,"column":50},"skip":true},{"start":{"line":293,"column":12},"end":{"line":293,"column":53},"skip":true}]},"23":{"line":297,"type":"binary-expr","locations":[{"start":{"line":297,"column":12},"end":{"line":297,"column":75},"skip":true},{"start":{"line":298,"column":12},"end":{"line":301,"column":36},"skip":true}]},"24":{"line":303,"type":"binary-expr","locations":[{"start":{"line":303,"column":43},"end":{"line":303,"column":75},"skip":true},{"start":{"line":303,"column":79},"end":{"line":303,"column":81},"skip":true}]},"25":{"line":306,"type":"if","locations":[{"start":{"line":306,"column":8},"end":{"line":306,"column":8},"skip":true},{"start":{"line":306,"column":8},"end":{"line":306,"column":8},"skip":true}]},"26":{"line":310,"type":"if","locations":[{"start":{"line":310,"column":8},"end":{"line":310,"column":8},"skip":true},{"start":{"line":310,"column":8},"end":{"line":310,"column":8},"skip":true}]},"27":{"line":313,"type":"binary-expr","locations":[{"start":{"line":313,"column":27},"end":{"line":313,"column":43},"skip":true},{"start":{"line":313,"column":47},"end":{"line":313,"column":53},"skip":true}]},"28":{"line":317,"type":"if","locations":[{"start":{"line":317,"column":12},"end":{"line":317,"column":12},"skip":true},{"start":{"line":317,"column":12},"end":{"line":317,"column":12},"skip":true}]}},"code":["/*","example.js","","quickstart example","","instruction","    1. save this script as example.js","    2. run the shell command:","        $ npm install npmtest-node-cryptojs-aes && PORT=8081 node example.js","    3. play with the browser-demo on http://127.0.0.1:8081","*/","","","","/* istanbul instrument in package npmtest_node_cryptojs_aes */","/*jslint","    bitwise: true,","    browser: true,","    maxerr: 8,","    maxlen: 96,","    node: true,","    nomen: true,","    regexp: true,","    stupid: true","*/","(function () {","    'use strict';","    var local;","","","","    // run shared js-env code - pre-init","    (function () {","        // init local","        local = {};","        // init modeJs","        local.modeJs = (function () {","            try {","                return typeof navigator.userAgent === 'string' &&","                    typeof document.querySelector('body') === 'object' &&","                    typeof XMLHttpRequest.prototype.open === 'function' &&","                    'browser';","            } catch (errorCaughtBrowser) {","                return module.exports &&","                    typeof process.versions.node === 'string' &&","                    typeof require('http').createServer === 'function' &&","                    'node';","            }","        }());","        // init global","        local.global = local.modeJs === 'browser'","            ? window","            : global;","        // init utility2_rollup","        local = local.global.utility2_rollup || (local.modeJs === 'browser'","            ? local.global.utility2_npmtest_node_cryptojs_aes","            : global.utility2_moduleExports);","        // export local","        local.global.local = local;","    }());","    switch (local.modeJs) {","","","","    // post-init","    // run browser js-env code - post-init","    /* istanbul ignore next */","    case 'browser':","        local.testRunBrowser = function (event) {","            if (!event || (event &&","                    event.currentTarget &&","                    event.currentTarget.className &&","                    event.currentTarget.className.includes &&","                    event.currentTarget.className.includes('onreset'))) {","                // reset output","                Array.from(","                    document.querySelectorAll('body > .resettable')","                ).forEach(function (element) {","                    switch (element.tagName) {","                    case 'INPUT':","                    case 'TEXTAREA':","                        element.value = '';","                        break;","                    default:","                        element.textContent = '';","                    }","                });","            }","            switch (event && event.currentTarget && event.currentTarget.id) {","            case 'testRunButton1':","                // show tests","                if (document.querySelector('#testReportDiv1').style.display === 'none') {","                    document.querySelector('#testReportDiv1').style.display = 'block';","                    document.querySelector('#testRunButton1').textContent =","                        'hide internal test';","                    local.modeTest = true;","                    local.testRunDefault(local);","                // hide tests","                } else {","                    document.querySelector('#testReportDiv1').style.display = 'none';","                    document.querySelector('#testRunButton1').textContent = 'run internal test';","                }","                break;","            // custom-case","            default:","                break;","            }","            if (document.querySelector('#inputTextareaEval1') && (!event || (event &&","                    event.currentTarget &&","                    event.currentTarget.className &&","                    event.currentTarget.className.includes &&","                    event.currentTarget.className.includes('oneval')))) {","                // try to eval input-code","                try {","                    /*jslint evil: true*/","                    eval(document.querySelector('#inputTextareaEval1').value);","                } catch (errorCaught) {","                    console.error(errorCaught);","                }","            }","        };","        // log stderr and stdout to #outputTextareaStdout1","        ['error', 'log'].forEach(function (key) {","            console[key + '_original'] = console[key];","            console[key] = function () {","                var element;","                console[key + '_original'].apply(console, arguments);","                element = document.querySelector('#outputTextareaStdout1');","                if (!element) {","                    return;","                }","                // append text to #outputTextareaStdout1","                element.value += Array.from(arguments).map(function (arg) {","                    return typeof arg === 'string'","                        ? arg","                        : JSON.stringify(arg, null, 4);","                }).join(' ') + '\\n';","                // scroll textarea to bottom","                element.scrollTop = element.scrollHeight;","            };","        });","        // init event-handling","        ['change', 'click', 'keyup'].forEach(function (event) {","            Array.from(document.querySelectorAll('.on' + event)).forEach(function (element) {","                element.addEventListener(event, local.testRunBrowser);","            });","        });","        // run tests","        local.testRunBrowser();","        break;","","","","    // run node js-env code - post-init","    /* istanbul ignore next */","    case 'node':","        // export local","        module.exports = local;","        // require modules","        local.fs = require('fs');","        local.http = require('http');","        local.url = require('url');","        // init assets","        local.assetsDict = local.assetsDict || {};","        /* jslint-ignore-begin */","        local.assetsDict['/assets.index.template.html'] = '\\","<!doctype html>\\n\\","<html lang=\"en\">\\n\\","<head>\\n\\","<meta charset=\"UTF-8\">\\n\\","<meta name=\"viewport\" content=\"width=device-width, initial-scale=1\">\\n\\","<title>{{env.npm_package_name}} (v{{env.npm_package_version}})</title>\\n\\","<style>\\n\\","/*csslint\\n\\","    box-sizing: false,\\n\\","    universal-selector: false\\n\\","*/\\n\\","* {\\n\\","    box-sizing: border-box;\\n\\","}\\n\\","body {\\n\\","    background: #dde;\\n\\","    font-family: Arial, Helvetica, sans-serif;\\n\\","    margin: 2rem;\\n\\","}\\n\\","body > * {\\n\\","    margin-bottom: 1rem;\\n\\","}\\n\\",".utility2FooterDiv {\\n\\","    margin-top: 20px;\\n\\","    text-align: center;\\n\\","}\\n\\","</style>\\n\\","<style>\\n\\","/*csslint\\n\\","*/\\n\\","textarea {\\n\\","    font-family: monospace;\\n\\","    height: 10rem;\\n\\","    width: 100%;\\n\\","}\\n\\","textarea[readonly] {\\n\\","    background: #ddd;\\n\\","}\\n\\","</style>\\n\\","</head>\\n\\","<body>\\n\\","<!-- utility2-comment\\n\\","<div id=\"ajaxProgressDiv1\" style=\"background: #d00; height: 2px; left: 0; margin: 0; padding: 0; position: fixed; top: 0; transition: background 0.5s, width 1.5s; width: 25%;\"></div>\\n\\","utility2-comment -->\\n\\","<h1>\\n\\","<!-- utility2-comment\\n\\","    <a\\n\\","        {{#if env.npm_package_homepage}}\\n\\","        href=\"{{env.npm_package_homepage}}\"\\n\\","        {{/if env.npm_package_homepage}}\\n\\","        target=\"_blank\"\\n\\","    >\\n\\","utility2-comment -->\\n\\","        {{env.npm_package_name}} (v{{env.npm_package_version}})\\n\\","<!-- utility2-comment\\n\\","    </a>\\n\\","utility2-comment -->\\n\\","</h1>\\n\\","<h3>{{env.npm_package_description}}</h3>\\n\\","<!-- utility2-comment\\n\\","<h4><a download href=\"assets.app.js\">download standalone app</a></h4>\\n\\","<button class=\"onclick onreset\" id=\"testRunButton1\">run internal test</button><br>\\n\\","<div id=\"testReportDiv1\" style=\"display: none;\"></div>\\n\\","utility2-comment -->\\n\\","\\n\\","\\n\\","\\n\\","<label>stderr and stdout</label>\\n\\","<textarea class=\"resettable\" id=\"outputTextareaStdout1\" readonly></textarea>\\n\\","<!-- utility2-comment\\n\\","{{#if isRollup}}\\n\\","<script src=\"assets.app.js\"></script>\\n\\","{{#unless isRollup}}\\n\\","utility2-comment -->\\n\\","<script src=\"assets.utility2.rollup.js\"></script>\\n\\","<script src=\"jsonp.utility2._stateInit?callback=window.utility2._stateInit\"></script>\\n\\","<script src=\"assets.npmtest_node_cryptojs_aes.rollup.js\"></script>\\n\\","<script src=\"assets.example.js\"></script>\\n\\","<script src=\"assets.test.js\"></script>\\n\\","<!-- utility2-comment\\n\\","{{/if isRollup}}\\n\\","utility2-comment -->\\n\\","<div class=\"utility2FooterDiv\">\\n\\","    [ this app was created with\\n\\","    <a href=\"https://github.com/kaizhu256/node-utility2\" target=\"_blank\">utility2</a>\\n\\","    ]\\n\\","</div>\\n\\","</body>\\n\\","</html>\\n\\","';","        /* jslint-ignore-end */","        if (local.templateRender) {","            local.assetsDict['/'] = local.templateRender(","                local.assetsDict['/assets.index.template.html'],","                {","                    env: local.objectSetDefault(local.env, {","                        npm_package_description: 'the greatest app in the world!',","                        npm_package_name: 'my-app',","                        npm_package_nameAlias: 'my_app',","                        npm_package_version: '0.0.1'","                    })","                }","            );","        } else {","            local.assetsDict['/'] = local.assetsDict['/assets.index.template.html']","                .replace((/\\{\\{env\\.(\\w+?)\\}\\}/g), function (match0, match1) {","                    // jslint-hack","                    String(match0);","                    switch (match1) {","                    case 'npm_package_description':","                        return 'the greatest app in the world!';","                    case 'npm_package_name':","                        return 'my-app';","                    case 'npm_package_nameAlias':","                        return 'my_app';","                    case 'npm_package_version':","                        return '0.0.1';","                    }","                });","        }","        // run the cli","        if (local.global.utility2_rollup || module !== require.main) {","            break;","        }","        local.assetsDict['/assets.example.js'] =","            local.assetsDict['/assets.example.js'] ||","            local.fs.readFileSync(__filename, 'utf8');","        // bug-workaround - long $npm_package_buildCustomOrg","        /* jslint-ignore-begin */","        local.assetsDict['/assets.npmtest_node_cryptojs_aes.rollup.js'] =","            local.assetsDict['/assets.npmtest_node_cryptojs_aes.rollup.js'] ||","            local.fs.readFileSync(","                local.npmtest_node_cryptojs_aes.__dirname + '/lib.npmtest_node_cryptojs_aes.js',","                'utf8'","            ).replace((/^#!/), '//');","        /* jslint-ignore-end */","        local.assetsDict['/favicon.ico'] = local.assetsDict['/favicon.ico'] || '';","        // if $npm_config_timeout_exit exists,","        // then exit this process after $npm_config_timeout_exit ms","        if (Number(process.env.npm_config_timeout_exit)) {","            setTimeout(process.exit, Number(process.env.npm_config_timeout_exit));","        }","        // start server","        if (local.global.utility2_serverHttp1) {","            break;","        }","        process.env.PORT = process.env.PORT || '8081';","        console.error('server starting on port ' + process.env.PORT);","        local.http.createServer(function (request, response) {","            request.urlParsed = local.url.parse(request.url);","            if (local.assetsDict[request.urlParsed.pathname] !== undefined) {","                response.end(local.assetsDict[request.urlParsed.pathname]);","                return;","            }","            response.statusCode = 404;","            response.end();","        }).listen(process.env.PORT);","        break;","    }","}());",""],"l":{"26":2,"28":2,"33":2,"35":2,"37":2,"38":2,"39":2,"44":1,"51":2,"55":2,"59":2,"61":2,"69":1,"70":2,"76":2,"79":2,"82":2,"83":2,"85":1,"89":2,"92":1,"93":1,"94":1,"96":1,"97":1,"100":1,"101":1,"103":1,"106":1,"108":2,"114":1,"116":1,"118":1,"123":1,"124":2,"125":2,"126":3,"127":3,"128":3,"129":3,"130":1,"133":3,"134":3,"139":3,"143":1,"144":3,"145":1,"149":1,"150":1,"158":1,"160":1,"161":1,"162":1,"164":1,"166":1,"258":1,"259":1,"271":1,"274":6,"275":6,"277":1,"279":2,"281":1,"283":2,"288":1,"289":1,"291":1,"296":1,"303":1,"306":1,"307":1,"310":1,"311":1,"313":1,"314":1,"315":1,"316":1,"317":1,"318":1,"319":1,"321":1,"322":1,"324":1}},"/home/travis/build/npmtest/node-npmtest-node-cryptojs-aes/node_modules/node-cryptojs-aes/cryptojs.js":{"path":"/home/travis/build/npmtest/node-npmtest-node-cryptojs-aes/node_modules/node-cryptojs-aes/cryptojs.js","s":{"1":1,"2":1,"3":1,"4":1,"5":1,"6":1,"7":1,"8":1,"9":1},"b":{},"f":{},"fnMap":{},"statementMap":{"1":{"start":{"line":1,"column":0},"end":{"line":1,"column":46}},"2":{"start":{"line":2,"column":0},"end":{"line":2,"column":28}},"3":{"start":{"line":3,"column":0},"end":{"line":3,"column":21}},"4":{"start":{"line":4,"column":0},"end":{"line":4,"column":24}},"5":{"start":{"line":5,"column":0},"end":{"line":5,"column":29}},"6":{"start":{"line":6,"column":0},"end":{"line":6,"column":21}},"7":{"start":{"line":7,"column":0},"end":{"line":7,"column":65}},"8":{"start":{"line":9,"column":0},"end":{"line":9,"column":28}},"9":{"start":{"line":10,"column":0},"end":{"line":10,"column":38}}},"branchMap":{},"code":["var CryptoJS = require('./lib/core').CryptoJS;","require('./lib/enc-base64');","require('./lib/md5');","require('./lib/evpkdf');","require('./lib/cipher-core');","require('./lib/aes');","var JsonFormatter = require('./lib/jsonformatter').JsonFormatter;","","exports.CryptoJS = CryptoJS;","exports.JsonFormatter = JsonFormatter;"],"l":{"1":1,"2":1,"3":1,"4":1,"5":1,"6":1,"7":1,"9":1,"10":1}},"/home/travis/build/npmtest/node-npmtest-node-cryptojs-aes/node_modules/node-cryptojs-aes/lib/core.js":{"path":"/home/travis/build/npmtest/node-npmtest-node-cryptojs-aes/node_modules/node-cryptojs-aes/lib/core.js","s":{"1":1,"2":1,"3":1,"4":1,"5":1,"6":1,"7":22,"8":22,"9":22,"10":19,"11":22,"12":16,"13":0,"14":22,"15":22,"16":22,"17":0,"18":0,"19":0,"20":19,"21":71,"22":71,"23":19,"24":2,"25":0,"26":1,"27":0,"28":0,"29":0,"30":0,"31":0,"32":0,"33":0,"34":0,"35":0,"36":0,"37":0,"38":0,"39":0,"40":0,"41":0,"42":0,"43":0,"44":0,"45":0,"46":0,"47":0,"48":0,"49":0,"50":0,"51":0,"52":0,"53":0,"54":0,"55":0,"56":0,"57":0,"58":1,"59":1,"60":0,"61":0,"62":0,"63":0,"64":0,"65":0,"66":0,"67":0,"68":0,"69":0,"70":0,"71":0,"72":0,"73":1,"74":0,"75":0,"76":0,"77":0,"78":0,"79":0,"80":0,"81":0,"82":0,"83":0,"84":0,"85":0,"86":1,"87":0,"88":0,"89":0,"90":0,"91":1,"92":0,"93":0,"94":0,"95":0,"96":0,"97":0,"98":0,"99":0,"100":0,"101":0,"102":0,"103":0,"104":0,"105":0,"106":0,"107":0,"108":0,"109":0,"110":0,"111":0,"112":0,"113":0,"114":0,"115":0,"116":0,"117":0,"118":1,"119":0,"120":0,"121":0,"122":0,"123":0,"124":0,"125":0,"126":0,"127":0,"128":0,"129":0,"130":1,"131":0,"132":1,"133":0,"134":1,"135":1,"136":1},"b":{"1":[1,1],"2":[19,3],"3":[16,6],"4":[71,0],"5":[2,17],"6":[0,0],"7":[0,0],"8":[0,0],"9":[0,0],"10":[0,0],"11":[0,0],"12":[0,0],"13":[0,0],"14":[0,0]},"f":{"1":1,"2":1,"3":22,"4":22,"5":0,"6":0,"7":0,"8":19,"9":0,"10":0,"11":0,"12":0,"13":0,"14":0,"15":0,"16":0,"17":0,"18":0,"19":0,"20":0,"21":0,"22":0,"23":0,"24":0,"25":0,"26":0,"27":0,"28":0,"29":0,"30":1,"31":0,"32":1,"33":0},"fnMap":{"1":{"name":"(anonymous_1)","line":10,"loc":{"start":{"line":10,"column":28},"end":{"line":10,"column":55}}},"2":{"name":"(anonymous_2)","line":24,"loc":{"start":{"line":24,"column":29},"end":{"line":24,"column":41}}},"3":{"name":"F","line":25,"loc":{"start":{"line":25,"column":8},"end":{"line":25,"column":21}}},"4":{"name":"(anonymous_4)","line":46,"loc":{"start":{"line":46,"column":20},"end":{"line":46,"column":41}}},"5":{"name":"(anonymous_5)","line":58,"loc":{"start":{"line":58,"column":35},"end":{"line":58,"column":47}}},"6":{"name":"(anonymous_6)","line":84,"loc":{"start":{"line":84,"column":20},"end":{"line":84,"column":32}}},"7":{"name":"(anonymous_7)","line":103,"loc":{"start":{"line":103,"column":18},"end":{"line":103,"column":30}}},"8":{"name":"(anonymous_8)","line":117,"loc":{"start":{"line":117,"column":19},"end":{"line":117,"column":41}}},"9":{"name":"(anonymous_9)","line":139,"loc":{"start":{"line":139,"column":19},"end":{"line":139,"column":31}}},"10":{"name":"(anonymous_10)","line":164,"loc":{"start":{"line":164,"column":14},"end":{"line":164,"column":41}}},"11":{"name":"(anonymous_11)","line":187,"loc":{"start":{"line":187,"column":18},"end":{"line":187,"column":37}}},"12":{"name":"(anonymous_12)","line":202,"loc":{"start":{"line":202,"column":16},"end":{"line":202,"column":37}}},"13":{"name":"(anonymous_13)","line":241,"loc":{"start":{"line":241,"column":15},"end":{"line":241,"column":27}}},"14":{"name":"(anonymous_14)","line":260,"loc":{"start":{"line":260,"column":15},"end":{"line":260,"column":27}}},"15":{"name":"(anonymous_15)","line":280,"loc":{"start":{"line":280,"column":16},"end":{"line":280,"column":34}}},"16":{"name":"(anonymous_16)","line":312,"loc":{"start":{"line":312,"column":19},"end":{"line":312,"column":40}}},"17":{"name":"(anonymous_17)","line":341,"loc":{"start":{"line":341,"column":15},"end":{"line":341,"column":33}}},"18":{"name":"(anonymous_18)","line":372,"loc":{"start":{"line":372,"column":19},"end":{"line":372,"column":40}}},"19":{"name":"(anonymous_19)","line":400,"loc":{"start":{"line":400,"column":15},"end":{"line":400,"column":36}}},"20":{"name":"(anonymous_20)","line":431,"loc":{"start":{"line":431,"column":19},"end":{"line":431,"column":40}}},"21":{"name":"(anonymous_21)","line":452,"loc":{"start":{"line":452,"column":15},"end":{"line":452,"column":34}}},"22":{"name":"(anonymous_22)","line":472,"loc":{"start":{"line":472,"column":15},"end":{"line":472,"column":27}}},"23":{"name":"(anonymous_23)","line":488,"loc":{"start":{"line":488,"column":17},"end":{"line":488,"column":33}}},"24":{"name":"(anonymous_24)","line":513,"loc":{"start":{"line":513,"column":18},"end":{"line":513,"column":37}}},"25":{"name":"(anonymous_25)","line":563,"loc":{"start":{"line":563,"column":15},"end":{"line":563,"column":27}}},"26":{"name":"(anonymous_26)","line":593,"loc":{"start":{"line":593,"column":14},"end":{"line":593,"column":29}}},"27":{"name":"(anonymous_27)","line":608,"loc":{"start":{"line":608,"column":15},"end":{"line":608,"column":27}}},"28":{"name":"(anonymous_28)","line":628,"loc":{"start":{"line":628,"column":16},"end":{"line":628,"column":41}}},"29":{"name":"(anonymous_29)","line":653,"loc":{"start":{"line":653,"column":18},"end":{"line":653,"column":43}}},"30":{"name":"(anonymous_30)","line":680,"loc":{"start":{"line":680,"column":23},"end":{"line":680,"column":41}}},"31":{"name":"(anonymous_31)","line":681,"loc":{"start":{"line":681,"column":19},"end":{"line":681,"column":43}}},"32":{"name":"(anonymous_32)","line":699,"loc":{"start":{"line":699,"column":27},"end":{"line":699,"column":45}}},"33":{"name":"(anonymous_33)","line":700,"loc":{"start":{"line":700,"column":19},"end":{"line":700,"column":43}}}},"statementMap":{"1":{"start":{"line":10,"column":0},"end":{"line":712,"column":9}},"2":{"start":{"line":14,"column":4},"end":{"line":14,"column":15}},"3":{"start":{"line":19,"column":4},"end":{"line":19,"column":27}},"4":{"start":{"line":24,"column":4},"end":{"line":143,"column":9}},"5":{"start":{"line":25,"column":8},"end":{"line":25,"column":23}},"6":{"start":{"line":27,"column":8},"end":{"line":142,"column":10}},"7":{"start":{"line":48,"column":16},"end":{"line":48,"column":35}},"8":{"start":{"line":49,"column":16},"end":{"line":49,"column":38}},"9":{"start":{"line":52,"column":16},"end":{"line":54,"column":17}},"10":{"start":{"line":53,"column":20},"end":{"line":53,"column":45}},"11":{"start":{"line":57,"column":16},"end":{"line":61,"column":17}},"12":{"start":{"line":58,"column":20},"end":{"line":60,"column":22}},"13":{"start":{"line":59,"column":24},"end":{"line":59,"column":67}},"14":{"start":{"line":64,"column":16},"end":{"line":64,"column":49}},"15":{"start":{"line":67,"column":16},"end":{"line":67,"column":38}},"16":{"start":{"line":69,"column":16},"end":{"line":69,"column":31}},"17":{"start":{"line":85,"column":16},"end":{"line":85,"column":45}},"18":{"start":{"line":86,"column":16},"end":{"line":86,"column":57}},"19":{"start":{"line":88,"column":16},"end":{"line":88,"column":32}},"20":{"start":{"line":118,"column":16},"end":{"line":122,"column":17}},"21":{"start":{"line":119,"column":20},"end":{"line":121,"column":21}},"22":{"start":{"line":120,"column":24},"end":{"line":120,"column":70}},"23":{"start":{"line":125,"column":16},"end":{"line":127,"column":17}},"24":{"start":{"line":126,"column":20},"end":{"line":126,"column":56}},"25":{"start":{"line":140,"column":16},"end":{"line":140,"column":56}},"26":{"start":{"line":151,"column":4},"end":{"line":288,"column":7}},"27":{"start":{"line":165,"column":12},"end":{"line":165,"column":45}},"28":{"start":{"line":167,"column":12},"end":{"line":171,"column":13}},"29":{"start":{"line":168,"column":16},"end":{"line":168,"column":41}},"30":{"start":{"line":170,"column":16},"end":{"line":170,"column":49}},"31":{"start":{"line":188,"column":12},"end":{"line":188,"column":52}},"32":{"start":{"line":204,"column":12},"end":{"line":204,"column":39}},"33":{"start":{"line":205,"column":12},"end":{"line":205,"column":44}},"34":{"start":{"line":206,"column":12},"end":{"line":206,"column":45}},"35":{"start":{"line":207,"column":12},"end":{"line":207,"column":50}},"36":{"start":{"line":210,"column":12},"end":{"line":210,"column":25}},"37":{"start":{"line":213,"column":12},"end":{"line":227,"column":13}},"38":{"start":{"line":215,"column":16},"end":{"line":218,"column":17}},"39":{"start":{"line":216,"column":20},"end":{"line":216,"column":86}},"40":{"start":{"line":217,"column":20},"end":{"line":217,"column":107}},"41":{"start":{"line":219,"column":19},"end":{"line":227,"column":13}},"42":{"start":{"line":221,"column":16},"end":{"line":223,"column":17}},"43":{"start":{"line":222,"column":20},"end":{"line":222,"column":77}},"44":{"start":{"line":226,"column":16},"end":{"line":226,"column":59}},"45":{"start":{"line":228,"column":12},"end":{"line":228,"column":42}},"46":{"start":{"line":231,"column":12},"end":{"line":231,"column":24}},"47":{"start":{"line":243,"column":12},"end":{"line":243,"column":35}},"48":{"start":{"line":244,"column":12},"end":{"line":244,"column":41}},"49":{"start":{"line":247,"column":12},"end":{"line":247,"column":77}},"50":{"start":{"line":248,"column":12},"end":{"line":248,"column":51}},"51":{"start":{"line":261,"column":12},"end":{"line":261,"column":46}},"52":{"start":{"line":262,"column":12},"end":{"line":262,"column":46}},"53":{"start":{"line":264,"column":12},"end":{"line":264,"column":25}},"54":{"start":{"line":281,"column":12},"end":{"line":281,"column":27}},"55":{"start":{"line":282,"column":12},"end":{"line":284,"column":13}},"56":{"start":{"line":283,"column":16},"end":{"line":283,"column":62}},"57":{"start":{"line":286,"column":12},"end":{"line":286,"column":53}},"58":{"start":{"line":293,"column":4},"end":{"line":293,"column":27}},"59":{"start":{"line":298,"column":4},"end":{"line":353,"column":6}},"60":{"start":{"line":314,"column":12},"end":{"line":314,"column":40}},"61":{"start":{"line":315,"column":12},"end":{"line":315,"column":46}},"62":{"start":{"line":318,"column":12},"end":{"line":318,"column":30}},"63":{"start":{"line":319,"column":12},"end":{"line":323,"column":13}},"64":{"start":{"line":320,"column":16},"end":{"line":320,"column":74}},"65":{"start":{"line":321,"column":16},"end":{"line":321,"column":57}},"66":{"start":{"line":322,"column":16},"end":{"line":322,"column":58}},"67":{"start":{"line":325,"column":12},"end":{"line":325,"column":37}},"68":{"start":{"line":343,"column":12},"end":{"line":343,"column":45}},"69":{"start":{"line":346,"column":12},"end":{"line":346,"column":27}},"70":{"start":{"line":347,"column":12},"end":{"line":349,"column":13}},"71":{"start":{"line":348,"column":16},"end":{"line":348,"column":90}},"72":{"start":{"line":351,"column":12},"end":{"line":351,"column":63}},"73":{"start":{"line":358,"column":4},"end":{"line":412,"column":6}},"74":{"start":{"line":374,"column":12},"end":{"line":374,"column":40}},"75":{"start":{"line":375,"column":12},"end":{"line":375,"column":46}},"76":{"start":{"line":378,"column":12},"end":{"line":378,"column":33}},"77":{"start":{"line":379,"column":12},"end":{"line":382,"column":13}},"78":{"start":{"line":380,"column":16},"end":{"line":380,"column":74}},"79":{"start":{"line":381,"column":16},"end":{"line":381,"column":60}},"80":{"start":{"line":384,"column":12},"end":{"line":384,"column":40}},"81":{"start":{"line":402,"column":12},"end":{"line":402,"column":51}},"82":{"start":{"line":405,"column":12},"end":{"line":405,"column":27}},"83":{"start":{"line":406,"column":12},"end":{"line":408,"column":13}},"84":{"start":{"line":407,"column":16},"end":{"line":407,"column":89}},"85":{"start":{"line":410,"column":12},"end":{"line":410,"column":62}},"86":{"start":{"line":417,"column":4},"end":{"line":455,"column":6}},"87":{"start":{"line":432,"column":12},"end":{"line":436,"column":13}},"88":{"start":{"line":433,"column":16},"end":{"line":433,"column":79}},"89":{"start":{"line":435,"column":16},"end":{"line":435,"column":56}},"90":{"start":{"line":453,"column":12},"end":{"line":453,"column":71}},"91":{"start":{"line":464,"column":4},"end":{"line":571,"column":7}},"92":{"start":{"line":474,"column":12},"end":{"line":474,"column":46}},"93":{"start":{"line":475,"column":12},"end":{"line":475,"column":33}},"94":{"start":{"line":490,"column":12},"end":{"line":492,"column":13}},"95":{"start":{"line":491,"column":16},"end":{"line":491,"column":40}},"96":{"start":{"line":495,"column":12},"end":{"line":495,"column":36}},"97":{"start":{"line":496,"column":12},"end":{"line":496,"column":46}},"98":{"start":{"line":515,"column":12},"end":{"line":515,"column":34}},"99":{"start":{"line":516,"column":12},"end":{"line":516,"column":39}},"100":{"start":{"line":517,"column":12},"end":{"line":517,"column":45}},"101":{"start":{"line":518,"column":12},"end":{"line":518,"column":43}},"102":{"start":{"line":519,"column":12},"end":{"line":519,"column":47}},"103":{"start":{"line":522,"column":12},"end":{"line":522,"column":61}},"104":{"start":{"line":523,"column":12},"end":{"line":530,"column":13}},"105":{"start":{"line":525,"column":16},"end":{"line":525,"column":55}},"106":{"start":{"line":529,"column":16},"end":{"line":529,"column":85}},"107":{"start":{"line":533,"column":12},"end":{"line":533,"column":55}},"108":{"start":{"line":536,"column":12},"end":{"line":536,"column":70}},"109":{"start":{"line":539,"column":12},"end":{"line":548,"column":13}},"110":{"start":{"line":540,"column":16},"end":{"line":543,"column":17}},"111":{"start":{"line":542,"column":20},"end":{"line":542,"column":60}},"112":{"start":{"line":546,"column":16},"end":{"line":546,"column":70}},"113":{"start":{"line":547,"column":16},"end":{"line":547,"column":45}},"114":{"start":{"line":551,"column":12},"end":{"line":551,"column":67}},"115":{"start":{"line":564,"column":12},"end":{"line":564,"column":46}},"116":{"start":{"line":565,"column":12},"end":{"line":565,"column":45}},"117":{"start":{"line":567,"column":12},"end":{"line":567,"column":25}},"118":{"start":{"line":578,"column":4},"end":{"line":704,"column":7}},"119":{"start":{"line":595,"column":12},"end":{"line":595,"column":44}},"120":{"start":{"line":598,"column":12},"end":{"line":598,"column":25}},"121":{"start":{"line":610,"column":12},"end":{"line":610,"column":52}},"122":{"start":{"line":613,"column":12},"end":{"line":613,"column":28}},"123":{"start":{"line":630,"column":12},"end":{"line":630,"column":40}},"124":{"start":{"line":633,"column":12},"end":{"line":633,"column":28}},"125":{"start":{"line":636,"column":12},"end":{"line":636,"column":24}},"126":{"start":{"line":655,"column":12},"end":{"line":657,"column":13}},"127":{"start":{"line":656,"column":16},"end":{"line":656,"column":44}},"128":{"start":{"line":660,"column":12},"end":{"line":660,"column":42}},"129":{"start":{"line":662,"column":12},"end":{"line":662,"column":24}},"130":{"start":{"line":681,"column":12},"end":{"line":683,"column":14}},"131":{"start":{"line":682,"column":16},"end":{"line":682,"column":62}},"132":{"start":{"line":700,"column":12},"end":{"line":702,"column":14}},"133":{"start":{"line":701,"column":16},"end":{"line":701,"column":75}},"134":{"start":{"line":709,"column":4},"end":{"line":709,"column":29}},"135":{"start":{"line":711,"column":4},"end":{"line":711,"column":13}},"136":{"start":{"line":714,"column":0},"end":{"line":714,"column":28}}},"branchMap":{"1":{"line":10,"type":"binary-expr","locations":[{"start":{"line":10,"column":15},"end":{"line":10,"column":23}},{"start":{"line":10,"column":28},"end":{"line":712,"column":7}}]},"2":{"line":52,"type":"if","locations":[{"start":{"line":52,"column":16},"end":{"line":52,"column":16}},{"start":{"line":52,"column":16},"end":{"line":52,"column":16}}]},"3":{"line":57,"type":"if","locations":[{"start":{"line":57,"column":16},"end":{"line":57,"column":16}},{"start":{"line":57,"column":16},"end":{"line":57,"column":16}}]},"4":{"line":119,"type":"if","locations":[{"start":{"line":119,"column":20},"end":{"line":119,"column":20}},{"start":{"line":119,"column":20},"end":{"line":119,"column":20}}]},"5":{"line":125,"type":"if","locations":[{"start":{"line":125,"column":16},"end":{"line":125,"column":16}},{"start":{"line":125,"column":16},"end":{"line":125,"column":16}}]},"6":{"line":165,"type":"binary-expr","locations":[{"start":{"line":165,"column":33},"end":{"line":165,"column":38}},{"start":{"line":165,"column":42},"end":{"line":165,"column":44}}]},"7":{"line":167,"type":"if","locations":[{"start":{"line":167,"column":12},"end":{"line":167,"column":12}},{"start":{"line":167,"column":12},"end":{"line":167,"column":12}}]},"8":{"line":188,"type":"binary-expr","locations":[{"start":{"line":188,"column":20},"end":{"line":188,"column":27}},{"start":{"line":188,"column":31},"end":{"line":188,"column":34}}]},"9":{"line":213,"type":"if","locations":[{"start":{"line":213,"column":12},"end":{"line":213,"column":12}},{"start":{"line":213,"column":12},"end":{"line":213,"column":12}}]},"10":{"line":219,"type":"if","locations":[{"start":{"line":219,"column":19},"end":{"line":219,"column":19}},{"start":{"line":219,"column":19},"end":{"line":219,"column":19}}]},"11":{"line":490,"type":"if","locations":[{"start":{"line":490,"column":12},"end":{"line":490,"column":12}},{"start":{"line":490,"column":12},"end":{"line":490,"column":12}}]},"12":{"line":523,"type":"if","locations":[{"start":{"line":523,"column":12},"end":{"line":523,"column":12}},{"start":{"line":523,"column":12},"end":{"line":523,"column":12}}]},"13":{"line":539,"type":"if","locations":[{"start":{"line":539,"column":12},"end":{"line":539,"column":12}},{"start":{"line":539,"column":12},"end":{"line":539,"column":12}}]},"14":{"line":655,"type":"if","locations":[{"start":{"line":655,"column":12},"end":{"line":655,"column":12}},{"start":{"line":655,"column":12},"end":{"line":655,"column":12}}]}},"code":["/*","CryptoJS v3.1.2","code.google.com/p/crypto-js","(c) 2009-2013 by Jeff Mott. All rights reserved.","code.google.com/p/crypto-js/wiki/License","*/","/**"," * CryptoJS core components."," */","var CryptoJS = CryptoJS || (function (Math, undefined) {","    /**","     * CryptoJS namespace.","     */","    var C = {};","","    /**","     * Library namespace.","     */","    var C_lib = C.lib = {};","","    /**","     * Base object for prototypal inheritance.","     */","    var Base = C_lib.Base = (function () {","        function F() {}","","        return {","            /**","             * Creates a new object that inherits from this object.","             *","             * @param {Object} overrides Properties to copy into the new object.","             *","             * @return {Object} The new object.","             *","             * @static","             *","             * @example","             *","             *     var MyType = CryptoJS.lib.Base.extend({","             *         field: 'value',","             *","             *         method: function () {","             *         }","             *     });","             */","            extend: function (overrides) {","                // Spawn","                F.prototype = this;","                var subtype = new F();","","                // Augment","                if (overrides) {","                    subtype.mixIn(overrides);","                }","","                // Create default initializer","                if (!subtype.hasOwnProperty('init')) {","                    subtype.init = function () {","                        subtype.$super.init.apply(this, arguments);","                    };","                }","","                // Initializer's prototype is the subtype object","                subtype.init.prototype = subtype;","","                // Reference supertype","                subtype.$super = this;","","                return subtype;","            },","","            /**","             * Extends this object and runs the init method.","             * Arguments to create() will be passed to init().","             *","             * @return {Object} The new object.","             *","             * @static","             *","             * @example","             *","             *     var instance = MyType.create();","             */","            create: function () {","                var instance = this.extend();","                instance.init.apply(instance, arguments);","","                return instance;","            },","","            /**","             * Initializes a newly created object.","             * Override this method to add some logic when your objects are created.","             *","             * @example","             *","             *     var MyType = CryptoJS.lib.Base.extend({","             *         init: function () {","             *             // ...","             *         }","             *     });","             */","            init: function () {","            },","","            /**","             * Copies properties into this object.","             *","             * @param {Object} properties The properties to mix in.","             *","             * @example","             *","             *     MyType.mixIn({","             *         field: 'value'","             *     });","             */","            mixIn: function (properties) {","                for (var propertyName in properties) {","                    if (properties.hasOwnProperty(propertyName)) {","                        this[propertyName] = properties[propertyName];","                    }","                }","","                // IE won't copy toString using the loop above","                if (properties.hasOwnProperty('toString')) {","                    this.toString = properties.toString;","                }","            },","","            /**","             * Creates a copy of this object.","             *","             * @return {Object} The clone.","             *","             * @example","             *","             *     var clone = instance.clone();","             */","            clone: function () {","                return this.init.prototype.extend(this);","            }","        };","    }());","","    /**","     * An array of 32-bit words.","     *","     * @property {Array} words The array of 32-bit words.","     * @property {number} sigBytes The number of significant bytes in this word array.","     */","    var WordArray = C_lib.WordArray = Base.extend({","        /**","         * Initializes a newly created word array.","         *","         * @param {Array} words (Optional) An array of 32-bit words.","         * @param {number} sigBytes (Optional) The number of significant bytes in the words.","         *","         * @example","         *","         *     var wordArray = CryptoJS.lib.WordArray.create();","         *     var wordArray = CryptoJS.lib.WordArray.create([0x00010203, 0x04050607]);","         *     var wordArray = CryptoJS.lib.WordArray.create([0x00010203, 0x04050607], 6);","         */","        init: function (words, sigBytes) {","            words = this.words = words || [];","","            if (sigBytes != undefined) {","                this.sigBytes = sigBytes;","            } else {","                this.sigBytes = words.length * 4;","            }","        },","","        /**","         * Converts this word array to a string.","         *","         * @param {Encoder} encoder (Optional) The encoding strategy to use. Default: CryptoJS.enc.Hex","         *","         * @return {string} The stringified word array.","         *","         * @example","         *","         *     var string = wordArray + '';","         *     var string = wordArray.toString();","         *     var string = wordArray.toString(CryptoJS.enc.Utf8);","         */","        toString: function (encoder) {","            return (encoder || Hex).stringify(this);","        },","","        /**","         * Concatenates a word array to this word array.","         *","         * @param {WordArray} wordArray The word array to append.","         *","         * @return {WordArray} This word array.","         *","         * @example","         *","         *     wordArray1.concat(wordArray2);","         */","        concat: function (wordArray) {","            // Shortcuts","            var thisWords = this.words;","            var thatWords = wordArray.words;","            var thisSigBytes = this.sigBytes;","            var thatSigBytes = wordArray.sigBytes;","","            // Clamp excess bits","            this.clamp();","","            // Concat","            if (thisSigBytes % 4) {","                // Copy one byte at a time","                for (var i = 0; i < thatSigBytes; i++) {","                    var thatByte = (thatWords[i >>> 2] >>> (24 - (i % 4) * 8)) & 0xff;","                    thisWords[(thisSigBytes + i) >>> 2] |= thatByte << (24 - ((thisSigBytes + i) % 4) * 8);","                }","            } else if (thatWords.length > 0xffff) {","                // Copy one word at a time","                for (var i = 0; i < thatSigBytes; i += 4) {","                    thisWords[(thisSigBytes + i) >>> 2] = thatWords[i >>> 2];","                }","            } else {","                // Copy all words at once","                thisWords.push.apply(thisWords, thatWords);","            }","            this.sigBytes += thatSigBytes;","","            // Chainable","            return this;","        },","","        /**","         * Removes insignificant bits.","         *","         * @example","         *","         *     wordArray.clamp();","         */","        clamp: function () {","            // Shortcuts","            var words = this.words;","            var sigBytes = this.sigBytes;","","            // Clamp","            words[sigBytes >>> 2] &= 0xffffffff << (32 - (sigBytes % 4) * 8);","            words.length = Math.ceil(sigBytes / 4);","        },","","        /**","         * Creates a copy of this word array.","         *","         * @return {WordArray} The clone.","         *","         * @example","         *","         *     var clone = wordArray.clone();","         */","        clone: function () {","            var clone = Base.clone.call(this);","            clone.words = this.words.slice(0);","","            return clone;","        },","","        /**","         * Creates a word array filled with random bytes.","         *","         * @param {number} nBytes The number of random bytes to generate.","         *","         * @return {WordArray} The random word array.","         *","         * @static","         *","         * @example","         *","         *     var wordArray = CryptoJS.lib.WordArray.random(16);","         */","        random: function (nBytes) {","            var words = [];","            for (var i = 0; i < nBytes; i += 4) {","                words.push((Math.random() * 0x100000000) | 0);","            }","","            return new WordArray.init(words, nBytes);","        }","    });","","    /**","     * Encoder namespace.","     */","    var C_enc = C.enc = {};","","    /**","     * Hex encoding strategy.","     */","    var Hex = C_enc.Hex = {","        /**","         * Converts a word array to a hex string.","         *","         * @param {WordArray} wordArray The word array.","         *","         * @return {string} The hex string.","         *","         * @static","         *","         * @example","         *","         *     var hexString = CryptoJS.enc.Hex.stringify(wordArray);","         */","        stringify: function (wordArray) {","            // Shortcuts","            var words = wordArray.words;","            var sigBytes = wordArray.sigBytes;","","            // Convert","            var hexChars = [];","            for (var i = 0; i < sigBytes; i++) {","                var bite = (words[i >>> 2] >>> (24 - (i % 4) * 8)) & 0xff;","                hexChars.push((bite >>> 4).toString(16));","                hexChars.push((bite & 0x0f).toString(16));","            }","","            return hexChars.join('');","        },","","        /**","         * Converts a hex string to a word array.","         *","         * @param {string} hexStr The hex string.","         *","         * @return {WordArray} The word array.","         *","         * @static","         *","         * @example","         *","         *     var wordArray = CryptoJS.enc.Hex.parse(hexString);","         */","        parse: function (hexStr) {","            // Shortcut","            var hexStrLength = hexStr.length;","","            // Convert","            var words = [];","            for (var i = 0; i < hexStrLength; i += 2) {","                words[i >>> 3] |= parseInt(hexStr.substr(i, 2), 16) << (24 - (i % 8) * 4);","            }","","            return new WordArray.init(words, hexStrLength / 2);","        }","    };","","    /**","     * Latin1 e
[...]
art":{"line":51,"column":12},"end":{"line":51,"column":26}},"31":{"start":{"line":52,"column":12},"end":{"line":52,"column":27}},"32":{"start":{"line":53,"column":12},"end":{"line":53,"column":27}},"33":{"start":{"line":56,"column":12},"end":{"line":56,"column":55}},"34":{"start":{"line":57,"column":12},"end":{"line":57,"column":49}},"35":{"start":{"line":58,"column":12},"end":{"line":58,"column":50}},"36":{"start":{"line":59,"column":12},"end":{"line":59,"column":50}},"37":{"start":{"line":60,"column":12},"end":{"line":60,"column":29}},"38":{"start":{"line":63,"column":12},"end":{"line":63,"column":87}},"39":{"start":{"line":64,"column":12},"end":{"line":64,"column":54}},"40":{"start":{"line":65,"column":12},"end":{"line":65,"column":55}},"41":{"start":{"line":66,"column":12},"end":{"line":66,"column":55}},"42":{"start":{"line":67,"column":12},"end":{"line":67,"column":34}},"43":{"start":{"line":70,"column":12},"end":{"line":75,"column":13}},"44":{"start":{"line":71,"column":16},"end":{"line":71,"column":27}},"45":{"start":{"line":73,"column":16},"end":{"line":73,"column":42}},"46":{"start":{"line":74,"column":16},"end":{"line":74,"column":31}},"47":{"start":{"line":80,"column":4},"end":{"line":80,"column":82}},"48":{"start":{"line":85,"column":4},"end":{"line":204,"column":7}},"49":{"start":{"line":88,"column":12},"end":{"line":88,"column":32}},"50":{"start":{"line":89,"column":12},"end":{"line":89,"column":37}},"51":{"start":{"line":90,"column":12},"end":{"line":90,"column":43}},"52":{"start":{"line":93,"column":12},"end":{"line":93,"column":53}},"53":{"start":{"line":96,"column":12},"end":{"line":96,"column":43}},"54":{"start":{"line":99,"column":12},"end":{"line":99,"column":53}},"55":{"start":{"line":100,"column":12},"end":{"line":122,"column":13}},"56":{"start":{"line":101,"column":16},"end":{"line":121,"column":17}},"57":{"start":{"line":102,"column":20},"end":{"line":102,"column":57}},"58":{"start":{"line":104,"column":20},"end":{"line":104,"column":51}},"59":{"start":{"line":106,"column":20},"end":{"line":118,"column":21}},"60":{"start":{"line":108,"column":24},"end":{"line":108,"column":50}},"61":{"start":{"line":111,"column":24},"end":{"line":111,"column":134}},"62":{"start":{"line":114,"column":24},"end":{"line":114,"column":63}},"63":{"start":{"line":115,"column":27},"end":{"line":118,"column":21}},"64":{"start":{"line":117,"column":24},"end":{"line":117,"column":134}},"65":{"start":{"line":120,"column":20},"end":{"line":120,"column":74}},"66":{"start":{"line":125,"column":12},"end":{"line":125,"column":59}},"67":{"start":{"line":126,"column":12},"end":{"line":141,"column":13}},"68":{"start":{"line":127,"column":16},"end":{"line":127,"column":46}},"69":{"start":{"line":129,"column":16},"end":{"line":133,"column":17}},"70":{"start":{"line":130,"column":20},"end":{"line":130,"column":47}},"71":{"start":{"line":132,"column":20},"end":{"line":132,"column":51}},"72":{"start":{"line":135,"column":16},"end":{"line":140,"column":17}},"73":{"start":{"line":136,"column":20},"end":{"line":136,"column":49}},"74":{"start":{"line":138,"column":20},"end":{"line":139,"column":117}},"75":{"start":{"line":145,"column":12},"end":{"line":145,"column":111}},"76":{"start":{"line":150,"column":12},"end":{"line":150,"column":34}},"77":{"start":{"line":151,"column":12},"end":{"line":151,"column":42}},"78":{"start":{"line":152,"column":12},"end":{"line":152,"column":30}},"79":{"start":{"line":154,"column":12},"end":{"line":154,"column":134}},"80":{"start":{"line":157,"column":12},"end":{"line":157,"column":34}},"81":{"start":{"line":158,"column":12},"end":{"line":158,"column":42}},"82":{"start":{"line":159,"column":12},"end":{"line":159,"column":30}},"83":{"start":{"line":164,"column":12},"end":{"line":164,"column":40}},"84":{"start":{"line":167,"column":12},"end":{"line":167,"column":52}},"85":{"start":{"line":168,"column":12},"end":{"line":168,"column":52}},"86":{"start":{"line":169,"column":12},"end":{"line":169,"column":52}},"87":{"start":{"line":170,"column":12},"end":{"line":170,"column":52}},"88":{"start":{"line":173,"column":12},"end":{"line":173,"column":26}},"89":{"start":{"line":176,"column":12},"end":{"line":188,"column":13}},"90":{"start":{"line":178,"column":16},"end":{"line":178,"column":155}},"91":{"start":{"line":179,"column":16},"end":{"line":179,"column":155}},"92":{"start":{"line":180,"column":16},"end":{"line":180,"column":155}},"93":{"start":{"line":181,"column":16},"end":{"line":181,"column":155}},"94":{"start":{"line":184,"column":16},"end":{"line":184,"column":24}},"95":{"start":{"line":185,"column":16},"end":{"line":185,"column":24}},"96":{"start":{"line":186,"column":16},"end":{"line":186,"column":24}},"97":{"start":{"line":187,"column":16},"end":{"line":187,"column":24}},"98":{"start":{"line":191,"column":12},"end":{"line":191,"column":156}},"99":{"start":{"line":192,"column":12},"end":{"line":192,"column":156}},"100":{"start":{"line":193,"column":12},"end":{"line":193,"column":156}},"101":{"start":{"line":194,"column":12},"end":{"line":194,"column":156}},"102":{"start":{"line":197,"column":12},"end":{"line":197,"column":31}},"103":{"start":{"line":198,"column":12},"end":{"line":198,"column":31}},"104":{"start":{"line":199,"column":12},"end":{"line":199,"column":31}},"105":{"start":{"line":200,"column":12},"end":{"line":200,"column":31}},"106":{"start":{"line":214,"column":4},"end":{"line":214,"column":43}}},"branchMap":{"1":{"line":33,"type":"if","locations":[{"start":{"line":33,"column":12},"end":{"line":33,"column":12}},{"start":{"line":33,"column":12},"end":{"line":33,"column":12}}]},"2":{"line":70,"type":"if","locations":[{"start":{"line":70,"column":12},"end":{"line":70,"column":12}},{"start":{"line":70,"column":12},"end":{"line":70,"column":12}}]},"3":{"line":101,"type":"if","locations":[{"start":{"line":101,"column":16},"end":{"line":101,"column":16}},{"start":{"line":101,"column":16},"end":{"line":101,"column":16}}]},"4":{"line":106,"type":"if","locations":[{"start":{"line":106,"column":20},"end":{"line":106,"column":20}},{"start":{"line":106,"column":20},"end":{"line":106,"column":20}}]},"5":{"line":115,"type":"if","locations":[{"start":{"line":115,"column":27},"end":{"line":115,"column":27}},{"start":{"line":115,"column":27},"end":{"line":115,"column":27}}]},"6":{"line":115,"type":"binary-expr","locations":[{"start":{"line":115,"column":31},"end":{"line":115,"column":42}},{"start":{"line":115,"column":46},"end":{"line":115,"column":66}}]},"7":{"line":129,"type":"if","locations":[{"start":{"line":129,"column":16},"end":{"line":129,"column":16}},{"start":{"line":129,"column":16},"end":{"line":129,"column":16}}]},"8":{"line":135,"type":"if","locations":[{"start":{"line":135,"column":16},"end":{"line":135,"column":16}},{"start":{"line":135,"column":16},"end":{"line":135,"column":16}}]},"9":{"line":135,"type":"binary-expr","locations":[{"start":{"line":135,"column":20},"end":{"line":135,"column":32}},{"start":{"line":135,"column":36},"end":{"line":135,"column":46}}]}},"code":["var CryptoJS = require('./core').CryptoJS;","","/*","CryptoJS v3.1.2","code.google.com/p/crypto-js","(c) 2009-2013 by Jeff Mott. All rights reserved.","code.google.com/p/crypto-js/wiki/License","*/","(function () {","    // Shortcuts","    var C = CryptoJS;","    var C_lib = C.lib;","    var BlockCipher = C_lib.BlockCipher;","    var C_algo = C.algo;","","    // Lookup tables","    var SBOX = [];","    var INV_SBOX = [];","    var SUB_MIX_0 = [];","    var SUB_MIX_1 = [];","    var SUB_MIX_2 = [];","    var SUB_MIX_3 = [];","    var INV_SUB_MIX_0 = [];","    var INV_SUB_MIX_1 = [];","    var INV_SUB_MIX_2 = [];","    var INV_SUB_MIX_3 = [];","","    // Compute lookup tables","    (function () {","        // Compute double table","        var d = [];","        for (var i = 0; i < 256; i++) {","            if (i < 128) {","                d[i] = i << 1;","            } else {","                d[i] = (i << 1) ^ 0x11b;","            }","        }","","        // Walk GF(2^8)","        var x = 0;","        var xi = 0;","        for (var i = 0; i < 256; i++) {","            // Compute sbox","            var sx = xi ^ (xi << 1) ^ (xi << 2) ^ (xi << 3) ^ (xi << 4);","            sx = (sx >>> 8) ^ (sx & 0xff) ^ 0x63;","            SBOX[x] = sx;","            INV_SBOX[sx] = x;","","            // Compute multiplication","            var x2 = d[x];","            var x4 = d[x2];","            var x8 = d[x4];","","            // Compute sub bytes, mix columns tables","            var t = (d[sx] * 0x101) ^ (sx * 0x1010100);","            SUB_MIX_0[x] = (t << 24) | (t >>> 8);","            SUB_MIX_1[x] = (t << 16) | (t >>> 16);","            SUB_MIX_2[x] = (t << 8)  | (t >>> 24);","            SUB_MIX_3[x] = t;","","            // Compute inv sub bytes, inv mix columns tables","            var t = (x8 * 0x1010101) ^ (x4 * 0x10001) ^ (x2 * 0x101) ^ (x * 0x1010100);","            INV_SUB_MIX_0[sx] = (t << 24) | (t >>> 8);","            INV_SUB_MIX_1[sx] = (t << 16) | (t >>> 16);","            INV_SUB_MIX_2[sx] = (t << 8)  | (t >>> 24);","            INV_SUB_MIX_3[sx] = t;","","            // Compute next counter","            if (!x) {","                x = xi = 1;","            } else {","                x = x2 ^ d[d[d[x8 ^ x2]]];","                xi ^= d[d[xi]];","            }","        }","    }());","","    // Precomputed Rcon lookup","    var RCON = [0x00, 0x01, 0x02, 0x04, 0x08, 0x10, 0x20, 0x40, 0x80, 0x1b, 0x36];","","    /**","     * AES block cipher algorithm.","     */","    var AES = C_algo.AES = BlockCipher.extend({","        _doReset: function () {","            // Shortcuts","            var key = this._key;","            var keyWords = key.words;","            var keySize = key.sigBytes / 4;","","            // Compute number of rounds","            var nRounds = this._nRounds = keySize + 6","","            // Compute number of key schedule rows","            var ksRows = (nRounds + 1) * 4;","","            // Compute key schedule","            var keySchedule = this._keySchedule = [];","            for (var ksRow = 0; ksRow < ksRows; ksRow++) {","                if (ksRow < keySize) {","                    keySchedule[ksRow] = keyWords[ksRow];","                } else {","                    var t = keySchedule[ksRow - 1];","","                    if (!(ksRow % keySize)) {","                        // Rot word","                        t = (t << 8) | (t >>> 24);","","                        // Sub word","                        t = (SBOX[t >>> 24] << 24) | (SBOX[(t >>> 16) & 0xff] << 16) | (SBOX[(t >>> 8) & 0xff] << 8) | SBOX[t & 0xff];","","                        // Mix Rcon","                        t ^= RCON[(ksRow / keySize) | 0] << 24;","                    } else if (keySize > 6 && ksRow % keySize == 4) {","                        // Sub word","                        t = (SBOX[t >>> 24] << 24) | (SBOX[(t >>> 16) & 0xff] << 16) | (SBOX[(t >>> 8) & 0xff] << 8) | SBOX[t & 0xff];","                    }","","                    keySchedule[ksRow] = keySchedule[ksRow - keySize] ^ t;","                }","            }","","            // Compute inv key schedule","            var invKeySchedule = this._invKeySchedule = [];","            for (var invKsRow = 0; invKsRow < ksRows; invKsRow++) {","                var ksRow = ksRows - invKsRow;","","                if (invKsRow % 4) {","                    var t = keySchedule[ksRow];","                } else {","                    var t = keySchedule[ksRow - 4];","                }","","                if (invKsRow < 4 || ksRow <= 4) {","                    invKeySchedule[invKsRow] = t;","                } else {","                    invKeySchedule[invKsRow] = INV_SUB_MIX_0[SBOX[t >>> 24]] ^ INV_SUB_MIX_1[SBOX[(t >>> 16) & 0xff]] ^","                                               INV_SUB_MIX_2[SBOX[(t >>> 8) & 0xff]] ^ INV_SUB_MIX_3[SBOX[t & 0xff]];","                }","            }","        },","","        encryptBlock: function (M, offset) {","            this._doCryptBlock(M, offset, this._keySchedule, SUB_MIX_0, SUB_MIX_1, SUB_MIX_2, SUB_MIX_3, SBOX);","        },","","        decryptBlock: function (M, offset) {","            // Swap 2nd and 4th rows","            var t = M[offset + 1];","            M[offset + 1] = M[offset + 3];","            M[offset + 3] = t;","","            this._doCryptBlock(M, offset, this._invKeySchedule, INV_SUB_MIX_0, INV_SUB_MIX_1, INV_SUB_MIX_2, INV_SUB_MIX_3, INV_SBOX);","","            // Inv swap 2nd and 4th rows","            var t = M[offset + 1];","            M[offset + 1] = M[offset + 3];","            M[offset + 3] = t;","        },","","        _doCryptBlock: function (M, offset, keySchedule, SUB_MIX_0, SUB_MIX_1, SUB_MIX_2, SUB_MIX_3, SBOX) {","            // Shortcut","            var nRounds = this._nRounds;","","            // Get input, add round key","            var s0 = M[offset]     ^ keySchedule[0];","            var s1 = M[offset + 1] ^ keySchedule[1];","            var s2 = M[offset + 2] ^ keySchedule[2];","            var s3 = M[offset + 3] ^ keySchedule[3];","","            // Key schedule row counter","            var ksRow = 4;","","            // Rounds","            for (var round = 1; round < nRounds; round++) {","                // Shift rows, sub bytes, mix columns, add round key","                var t0 = SUB_MIX_0[s0 >>> 24] ^ SUB_MIX_1[(s1 >>> 16) & 0xff] ^ SUB_MIX_2[(s2 >>> 8) & 0xff] ^ SUB_MIX_3[s3 & 0xff] ^ keySchedule[ksRow++];","                var t1 = SUB_MIX_0[s1 >>> 24] ^ SUB_MIX_1[(s2 >>> 16) & 0xff] ^ SUB_MIX_2[(s3 >>> 8) & 0xff] ^ SUB_MIX_3[s0 & 0xff] ^ keySchedule[ksRow++];","                var t2 = SUB_MIX_0[s2 >>> 24] ^ SUB_MIX_1[(s3 >>> 16) & 0xff] ^ SUB_MIX_2[(s0 >>> 8) & 0xff] ^ SUB_MIX_3[s1 & 0xff] ^ keySchedule[ksRow++];","                var t3 = SUB_MIX_0[s3 >>> 24] ^ SUB_MIX_1[(s0 >>> 16) & 0xff] ^ SUB_MIX_2[(s1 >>> 8) & 0xff] ^ SUB_MIX_3[s2 & 0xff] ^ keySchedule[ksRow++];","","                // Update state","                s0 = t0;","                s1 = t1;","                s2 = t2;","                s3 = t3;","            }","","            // Shift rows, sub bytes, add round key","            var t0 = ((SBOX[s0 >>> 24] << 24) | (SBOX[(s1 >>> 16) & 0xff] << 16) | (SBOX[(s2 >>> 8) & 0xff] << 8) | SBOX[s3 & 0xff]) ^ keySchedule[ksRow++];","            var t1 = ((SBOX[s1 >>> 24] << 24) | (SBOX[(s2 >>> 16) & 0xff] << 16) | (SBOX[(s3 >>> 8) & 0xff] << 8) | SBOX[s0 & 0xff]) ^ keySchedule[ksRow++];","            var t2 = ((SBOX[s2 >>> 24] << 24) | (SBOX[(s3 >>> 16) & 0xff] << 16) | (SBOX[(s0 >>> 8) & 0xff] << 8) | SBOX[s1 & 0xff]) ^ keySchedule[ksRow++];","            var t3 = ((SBOX[s3 >>> 24] << 24) | (SBOX[(s0 >>> 16) & 0xff] << 16) | (SBOX[(s1 >>> 8) & 0xff] << 8) | SBOX[s2 & 0xff]) ^ keySchedule[ksRow++];","","            // Set output","            M[offset]     = t0;","            M[offset + 1] = t1;","            M[offset + 2] = t2;","            M[offset + 3] = t3;","        },","","        keySize: 256/32","    });","","    /**","     * Shortcut functions to the cipher's object interface.","     *","     * @example","     *","     *     var ciphertext = CryptoJS.AES.encrypt(message, key, cfg);","     *     var plaintext  = CryptoJS.AES.decrypt(ciphertext, key, cfg);","     */","    C.AES = BlockCipher._createHelper(AES);","}());",""],"l":{"1":1,"9":1,"11":1,"12":1,"13":1,"14":1,"17":1,"18":1,"19":1,"20":1,"21":1,"22":1,"23":1,"24":1,"25":1,"26":1,"29":1,"31":1,"32":1,"33":256,"34":128,"36":128,"41":1,"42":1,"43":1,"45":256,"46":256,"47":256,"48":256,"51":256,"52":256,"53":256,"56":256,"57":256,"58":256,"59":256,"60":256,"63":256,"64":256,"65":256,"66":256,"67":256,"70":256,"71":1,"73":255,"74":255,"80":1,"85":1,"88":0,"89":0,"90":0,"93":0,"96":0,"99":0,"100":0,"101":0,"102":0,"104":0,"106":0,"108":0,"111":0,"114":0,"115":0,"117":0,"120":0,"125":0,"126":0,"127":0,"129":0,"130":0,"132":0,"135":0,"136":0,"138":0,"145":0,"150":0,"151":0,"152":0,"154":0,"157":0,"158":0,"159":0,"164":0,"167":0,"168":0,"169":0,"170":0,"173":0,"176":0,"178":0,"179":0,"180":0,"181":0,"184":0,"185":0,"186":0,"187":0,"191":0,"192":0,"193":0,"194":0,"197":0,"198":0,"199":0,"200":0,"214":1}},"/home/travis/build/npmtest/node-npmtest-node-cryptojs-aes/node_modules/node-cryptojs-aes/lib/jsonformatter.js":{"path":"/home/travis/build/npmtest/node-npmtest-node-cryptojs-aes/node_modules/node-cryptojs-aes/lib/jsonformatter.js","s":{"1":1,"2":1,"3":0,"4":0,"5":0,"6":0,"7":0,"8":0,"9":0,"10":0,"11":0,"12":0,"13":0,"14":0,"15":0,"16":1},"b":{"1":[0,0],"2":[0,0],"3":[0,0],"4":[0,0]},"f":{"1":0,"2":0},"fnMap":{"1":{"name":"(anonymous_1)","line":5,"loc":{"start":{"line":5,"column":12},"end":{"line":5,"column":36}}},"2":{"name":"(anonymous_2)","line":24,"loc":{"start":{"line":24,"column":8},"end":{"line":24,"column":27}}}},"statementMap":{"1":{"start":{"line":1,"column":0},"end":{"line":1,"column":42}},"2":{"start":{"line":4,"column":0},"end":{"line":44,"column":2}},"3":{"start":{"line":7,"column":2},"end":{"line":9,"column":4}},"4":{"start":{"line":12,"column":2},"end":{"line":14,"column":3}},"5":{"start":{"line":13,"column":3},"end":{"line":13,"column":43}},"6":{"start":{"line":16,"column":2},"end":{"line":18,"column":3}},"7":{"start":{"line":17,"column":3},"end":{"line":17,"column":44}},"8":{"start":{"line":21,"column":2},"end":{"line":21,"column":32}},"9":{"start":{"line":26,"column":2},"end":{"line":26,"column":36}},"10":{"start":{"line":29,"column":2},"end":{"line":31,"column":5}},"11":{"start":{"line":34,"column":2},"end":{"line":36,"column":3}},"12":{"start":{"line":35,"column":3},"end":{"line":35,"column":56}},"13":{"start":{"line":38,"column":2},"end":{"line":40,"column":3}},"14":{"start":{"line":39,"column":3},"end":{"line":39,"column":57}},"15":{"start":{"line":42,"column":2},"end":{"line":42,"column":22}},"16":{"start":{"line":46,"column":0},"end":{"line":46,"column":38}}},"branchMap":{"1":{"line":12,"type":"if","locations":[{"start":{"line":12,"column":2},"end":{"line":12,"column":2}},{"start":{"line":12,"column":2},"end":{"line":12,"column":2}}]},"2":{"line":16,"type":"if","locations":[{"start":{"line":16,"column":2},"end":{"line":16,"column":2}},{"start":{"line":16,"column":2},"end":{"line":16,"column":2}}]},"3":{"line":34,"type":"if","locations":[{"start":{"line":34,"column":2},"end":{"line":34,"column":2}},{"start":{"line":34,"column":2},"end":{"line":34,"column":2}}]},"4":{"line":38,"type":"if","locations":[{"start":{"line":38,"column":2},"end":{"line":38,"column":2}},{"start":{"line":38,"column":2},"end":{"line":38,"column":2}}]}},"code":["var CryptoJS = require('./core').CryptoJS;","","// create custom json serialization format","var JsonFormatter = {","\tstringify: function (cipherParams) {","\t\t// create json object with ciphertext","\t\tvar jsonObj = {","\t\t\tct: cipherParams.ciphertext.toString(CryptoJS.enc.Base64)","\t\t};","\t\t","\t\t// optionally add iv and salt","\t\tif (cipherParams.iv) {","\t\t\tjsonObj.iv = cipherParams.iv.toString();","\t\t}","\t\t","\t\tif (cipherParams.salt) {","\t\t\tjsonObj.s = cipherParams.salt.toString();","\t\t}","","\t\t// stringify json object","\t\treturn JSON.stringify(jsonObj)","\t},","","\tparse: function (jsonStr) {","\t\t// parse json string","\t\tvar jsonObj = JSON.parse(jsonStr);","\t\t","\t\t// extract ciphertext from json object, and create cipher params object","\t\tvar cipherParams = CryptoJS.lib.CipherParams.create({","\t\t\tciphertext: CryptoJS.enc.Base64.parse(jsonObj.ct)","\t\t});","\t\t","\t\t// optionally extract iv and salt","\t\tif (jsonObj.iv) {","\t\t\tcipherParams.iv = CryptoJS.enc.Hex.parse(jsonObj.iv);","\t\t}","            ","\t\tif (jsonObj.s) {","\t\t\tcipherParams.salt = CryptoJS.enc.Hex.parse(jsonObj.s);","\t\t}","\t\t","\t\treturn cipherParams;","\t}","};","","exports.JsonFormatter = JsonFormatter;"],"l":{"1":1,"4":1,"7":0,"12":0,"13":0,"16":0,"17":0,"21":0,"26":0,"29":0,"34":0,"35":0,"38":0,"39":0,"42":0,"46":1}}}